E:\UnrealCourse\Section_03\BuildingEscape\Source\BuildingEscape\BuildingEscape.Build.cs : warning : Module constructors should take a ReadOnlyTargetRules argument (rather than a TargetInfo argument) and pass it to the base class constructor from 4.15 onwards. Please update the method signature.
E:\UnrealCourse\Section_03\BuildingEscape\Source\BuildingEscape.Target.cs : warning : SetupBinaries() is deprecated in the 4.16 release. From the constructor in your .target.cs file, use ExtraModuleNames.Add("Foo") to add modules to your target, or set LaunchModuleName = "Foo" to override the name of the launch module for program targets.
E:\UnrealCourse\Section_03\BuildingEscape\Source\BuildingEscapeEditor.Target.cs : warning : SetupBinaries() is deprecated in the 4.16 release. From the constructor in your .target.cs file, use ExtraModuleNames.Add("Foo") to add modules to your target, or set LaunchModuleName = "Foo" to override the name of the launch module for program targets.
  Compiling game modules for hot reload
  Parsing headers for BuildingEscapeEditor
    Running UnrealHeaderTool "E:\UnrealCourse\Section_03\BuildingEscape\BuildingEscape.uproject" "E:\UnrealCourse\Section_03\BuildingEscape\Intermediate\Build\Win64\BuildingEscapeEditor\Development\BuildingEscapeEditor.uhtmanifest" -LogCmds="loginit warning, logexit warning, logdatabase error" -Unattended -WarningsAsErrors -installed
  Reflection code generated for BuildingEscapeEditor in 2.6555664 seconds
  Performing 9 actions (4 in parallel)
  PCH.BuildingEscape.cpp
  BuildingEscapeGameModeBase.cpp
  BuildingEscape.cpp
  Grabber.cpp
  OpenDoor.cpp
  PositionReporter.cpp
  BuildingEscape.generated.cpp
  [8/9] Link UE4Editor-BuildingEscape-6973.dll
  [9/9] Link UE4Editor-BuildingEscape-6973.lib
     Creating library E:\UnrealCourse\Section_03\BuildingEscape\Intermediate\Build\Win64\UE4Editor\Development\UE4Editor-BuildingEscape-6973.lib and object E:\UnrealCourse\Section_03\BuildingEscape\Intermediate\Build\Win64\UE4Editor\Development\UE4Editor-BuildingEscape-6973.exp
     Creating library E:\UnrealCourse\Section_03\BuildingEscape\Intermediate\Build\Win64\UE4Editor\Development\UE4Editor-BuildingEscape-6973.suppressed.lib and object E:\UnrealCourse\Section_03\BuildingEscape\Intermediate\Build\Win64\UE4Editor\Development\UE4Editor-BuildingEscape-6973.suppressed.exp
  Deploying BuildingEscapeEditor Win64 Development...
  Total build time: 37.47 seconds (Local executor: 33.10 seconds)
