Log file open, 07/02/17 11:13:39
LogInit:Display: Running engine for game: BuildingEscape
LogPlatformFile: Not using cached read wrapper
LogInit:Display: RandInit(1260385950) SRandInit(1260385950).
LogTaskGraph: Started task graph with 5 named threads and 8 total threads with 1 sets of task threads.
LogStats: Stats thread started at 3.198723
LogInit: Using libcurl 7.47.1
LogInit:  - built for x86_64-pc-win32
LogInit:  - supports SSL with OpenSSL/1.0.2g
LogInit:  - supports HTTP deflate (compression) using libz 1.2.8
LogInit:  - other features:
LogInit:      CURL_VERSION_SSL
LogInit:      CURL_VERSION_LIBZ
LogInit:      CURL_VERSION_IPV6
LogInit:      CURL_VERSION_ASYNCHDNS
LogInit:      CURL_VERSION_LARGEFILE
LogInit:      CURL_VERSION_IDN
LogInit:  CurlRequestOptions (configurable via config and command line):
LogInit:  - bVerifyPeer = false  - Libcurl will NOT verify peer certificate
LogInit:  - bUseHttpProxy = false  - Libcurl will NOT use HTTP proxy
LogInit:  - bDontReuseConnections = false  - Libcurl will reuse connections
LogInit:  - CertBundlePath = nullptr  - Libcurl will use whatever was configured at build time.
LogInit: Build: ++UE4+Release-4.16-CL-3514769
LogInit: Engine Version: 4.16.2-3514769+++UE4+Release-4.16
LogInit: Compatible Engine Version: 4.16.0-3452394+++UE4+Release-4.16
LogInit: Net CL: 3452394
LogDevObjectVersion: Number of dev versions registered: 16
LogDevObjectVersion:   Dev-Blueprints (B0D832E4-1F89-4F0D-ACCF-7EB736FD4AA2): 9
LogDevObjectVersion:   Dev-Build (E1C64328-A22C-4D53-A36C-8E866417BD8C): 0
LogDevObjectVersion:   Dev-Core (375EC13C-06E4-48FB-B500-84F0262A717E): 2
LogDevObjectVersion:   Dev-Editor (E4B068ED-F494-42E9-A231-DA0B2E46BB41): 17
LogDevObjectVersion:   Dev-Framework (CFFC743F-43B0-4480-9391-14DF171D2073): 23
LogDevObjectVersion:   Dev-Mobile (B02B49B5-BB20-44E9-A304-32B752E40360): 0
LogDevObjectVersion:   Dev-Networking (A4E4105C-59A1-49B5-A7C5-40C4547EDFEE): 0
LogDevObjectVersion:   Dev-Online (39C831C9-5AE6-47DC-9A44-9C173E1C8E7C): 0
LogDevObjectVersion:   Dev-Physics (78F01B33-EBEA-4F98-B9B4-84EACCB95AA2): 0
LogDevObjectVersion:   Dev-Platform (6631380F-2D4D-43E0-8009-CF276956A95A): 0
LogDevObjectVersion:   Dev-Rendering (12F88B9F-8875-4AFC-A67C-D90C383ABD29): 15
LogDevObjectVersion:   Dev-Sequencer (7B5AE74C-D270-4C10-A958-57980B212A5A): 4
LogDevObjectVersion:   Dev-VR (D7296918-1DD6-4BDD-9DE2-64A83CC13884): 0
LogDevObjectVersion:   Dev-LoadTimes (C2A15278-BFE7-4AFE-6C17-90FF531DF755): 1
LogDevObjectVersion:   Private-Geometry (6EACA3D4-40EC-4CC1-B786-8BED09428FC5): 1
LogDevObjectVersion:   Dev-AnimPhys (29E575DD-E0A3-4627-9D10-D276232CDCEA): 3
LogInit: Compiled (64-bit): Jun 29 2017 02:03:24
LogInit: Compiled with Visual C++: 19.00.24215.01
LogInit: Build Configuration: Development
LogInit: Branch Name: ++UE4+Release-4.16
LogInit: Command line:  
LogInit: Base directory: E:/Unreal 4/UE_4.16/Engine/Binaries/Win64/
LogInit: Installed Engine Build: 1
LogInit: Presizing for max 8388607 objects, including 0 objects not considered by GC, pre-allocating 0 bytes for permanent pool.
LogInit: Object subsystem initialized
[2017.07.02-10.13.41:363][  0]LogInit: Selected Device Profile: [Windows]
[2017.07.02-10.13.41:363][  0]LogInit: Applying CVar settings loaded from the selected device profile: [Windows]
[2017.07.02-10.13.41:477][  0]LogInit: Computer: PCBOI
[2017.07.02-10.13.41:477][  0]LogInit: User: Henry891
[2017.07.02-10.13.41:477][  0]LogInit: CPU Page size=4096, Cores=4
[2017.07.02-10.13.41:477][  0]LogInit: High frequency timer resolution =3.903996 MHz
[2017.07.02-10.13.41:488][  0]LogMemory: Memory total: Physical=15.9GB (16GB approx)
[2017.07.02-10.13.41:488][  0]LogMemory: Platform Memory Stats for Windows
[2017.07.02-10.13.41:488][  0]LogMemory: Process Physical Memory: 274.79 MB used, 274.79 MB peak
[2017.07.02-10.13.41:488][  0]LogMemory: Process Virtual Memory: 261.08 MB used, 261.08 MB peak
[2017.07.02-10.13.41:488][  0]LogMemory: Physical Memory: 5379.35 MB used,  10947.39 MB free, 16326.74 MB total
[2017.07.02-10.13.41:488][  0]LogMemory: Virtual Memory: 638.82 MB used,  10947.39 MB free, 134217728.00 MB total
[2017.07.02-10.13.42:639][  0]LogInit: Using OS detected language (en-GB).
[2017.07.02-10.13.42:639][  0]LogInit: Using OS detected locale (en-GB).
[2017.07.02-10.13.42:825][  0]LogTextLocalizationManager: No specific localization for 'en-GB' exists, so the 'en' localization will be used.
[2017.07.02-10.13.45:938][  0]LogD3D11RHI: D3D11 adapters:
[2017.07.02-10.13.46:419][  0]LogD3D11RHI:    0. 'NVIDIA GeForce GTX 1080' (Feature Level 11_0)
[2017.07.02-10.13.46:419][  0]LogD3D11RHI:       8110/0/8163 MB DedicatedVideo/DedicatedSystem/SharedSystem, Outputs:2, VendorId:0x10de
[2017.07.02-10.13.46:420][  0]LogD3D11RHI:    1. 'Microsoft Basic Render Driver' (Feature Level 11_0)
[2017.07.02-10.13.46:420][  0]LogD3D11RHI:       0/0/8163 MB DedicatedVideo/DedicatedSystem/SharedSystem, Outputs:0, VendorId:0x1414
[2017.07.02-10.13.46:420][  0]LogD3D11RHI: Chosen D3D11 Adapter: 0
[2017.07.02-10.13.46:447][  0]LogD3D11RHI: Creating new Direct3DDevice
[2017.07.02-10.13.46:447][  0]LogD3D11RHI:     GPU DeviceId: 0x1b80 (for the marketing name, search the web for "GPU Device Id")
[2017.07.02-10.13.46:447][  0]LogWindows: EnumDisplayDevices:
[2017.07.02-10.13.46:447][  0]LogWindows:    0. 'NVIDIA GeForce GTX 1080' (P:1 D:1)
[2017.07.02-10.13.46:447][  0]LogWindows:    1. 'NVIDIA GeForce GTX 1080' (P:0 D:1)
[2017.07.02-10.13.46:447][  0]LogWindows:    2. 'NVIDIA GeForce GTX 1080' (P:0 D:0)
[2017.07.02-10.13.46:447][  0]LogWindows:    3. 'NVIDIA GeForce GTX 1080' (P:0 D:0)
[2017.07.02-10.13.46:448][  0]LogWindows: DebugString: FoundDriverCount:4 
[2017.07.02-10.13.46:448][  0]LogD3D11RHI:     Adapter Name: NVIDIA GeForce GTX 1080
[2017.07.02-10.13.46:448][  0]LogD3D11RHI:   Driver Version: 382.53 (internal:22.21.13.8253, unified:382.53)
[2017.07.02-10.13.46:448][  0]LogD3D11RHI:      Driver Date: 6-7-2017
[2017.07.02-10.13.46:448][  0]LogRHI: Texture pool is 1361 MB (70% of 1945 MB)
[2017.07.02-10.13.46:918][  0]LogD3D11RHI: Async texture creation enabled
[2017.07.02-10.13.47:149][  0]LogD3D11RHI: GPU Timing Frequency: 1000.000000 (Debug: 2 1)
[2017.07.02-10.13.47:301][  0]LogShaderCompilers: Guid format shader working directory is -7 characters bigger than the processId version (../../../../../UnrealCourse/Section_03/BuildingEscape/Intermediate/Shaders/WorkingDirectory/2556/).
[2017.07.02-10.13.47:301][  0]LogShaderCompilers: Cleaned the shader compiler working directory 'C:/Users/Henry/AppData/Local/Temp/UnrealShaderWorkingDir/F4E969D048DA6173AF5FE4894EE7E282/'.
[2017.07.02-10.13.47:304][  0]LogShaderCompilers:Display: Using Local Shader Compiler.
[2017.07.02-10.13.50:433][  0]LogTemp:Display: Loaded TP AllDesktopTargetPlatform
[2017.07.02-10.13.50:462][  0]LogTemp:Display: Loaded TP MacClientTargetPlatform
[2017.07.02-10.13.50:492][  0]LogTemp:Display: Loaded TP MacNoEditorTargetPlatform
[2017.07.02-10.13.50:522][  0]LogTemp:Display: Loaded TP MacServerTargetPlatform
[2017.07.02-10.13.50:592][  0]LogTemp:Display: Loaded TP MacTargetPlatform
[2017.07.02-10.13.50:623][  0]LogTemp:Display: Loaded TP WindowsClientTargetPlatform
[2017.07.02-10.13.50:653][  0]LogTemp:Display: Loaded TP WindowsNoEditorTargetPlatform
[2017.07.02-10.13.50:682][  0]LogTemp:Display: Loaded TP WindowsServerTargetPlatform
[2017.07.02-10.13.50:731][  0]LogTemp:Display: Loaded TP WindowsTargetPlatform
[2017.07.02-10.13.50:769][  0]LogTemp:Display: Loaded TP AndroidTargetPlatform
[2017.07.02-10.13.50:801][  0]LogTemp:Display: Loaded TP Android_ASTCTargetPlatform
[2017.07.02-10.13.50:832][  0]LogTemp:Display: Loaded TP Android_ATCTargetPlatform
[2017.07.02-10.13.50:861][  0]LogTemp:Display: Loaded TP Android_DXTTargetPlatform
[2017.07.02-10.13.50:890][  0]LogTemp:Display: Loaded TP Android_ETC1TargetPlatform
[2017.07.02-10.13.50:918][  0]LogTemp:Display: Loaded TP Android_ETC2TargetPlatform
[2017.07.02-10.13.50:977][  0]LogTemp:Display: Loaded TP Android_MultiTargetPlatform
[2017.07.02-10.13.50:977][  0]LogTemp:Display: Loaded TP Android_PVRTCTargetPlatform
[2017.07.02-10.13.50:999][  0]LogTemp:Display: Loaded TP HTML5TargetPlatform
[2017.07.02-10.13.51:211][  0]LogTemp:Display: Loaded TP IOSTargetPlatform
[2017.07.02-10.13.51:229][  0]LogTemp:Display: Loaded TP TVOSTargetPlatform
[2017.07.02-10.13.51:257][  0]LogTemp:Display: Loaded TP LinuxClientTargetPlatform
[2017.07.02-10.13.51:285][  0]LogTemp:Display: Loaded TP LinuxNoEditorTargetPlatform
[2017.07.02-10.13.51:313][  0]LogTemp:Display: Loaded TP LinuxServerTargetPlatform
[2017.07.02-10.13.51:364][  0]LogTemp:Display: Loaded TP LinuxTargetPlatform
[2017.07.02-10.13.51:364][  0]LogTargetPlatformManager:Display: Building Assets For Windows
[2017.07.02-10.13.52:698][  0]LogDerivedDataCache:Display: Max Cache Size: 512 MB
[2017.07.02-10.13.53:012][  0]LogDerivedDataCache: Loaded boot cache 0.31s 90MB C:/Users/Henry/AppData/Local/UnrealEngine/4.16/DerivedDataCache/Boot.ddc.
[2017.07.02-10.13.53:013][  0]LogDerivedDataCache:Display: Loaded Boot cache: C:/Users/Henry/AppData/Local/UnrealEngine/4.16/DerivedDataCache/Boot.ddc
[2017.07.02-10.13.53:013][  0]LogDerivedDataCache: FDerivedDataBackendGraph:  Pak pak cache file ../../../../../UnrealCourse/Section_03/BuildingEscape/DerivedDataCache/DDC.ddp not found, will not use a pak cache.
[2017.07.02-10.13.53:013][  0]LogDerivedDataCache: Unable to find inner node Pak for hierarchical cache Hierarchy.
[2017.07.02-10.13.53:013][  0]LogDerivedDataCache: FDerivedDataBackendGraph:  CompressedPak pak cache file ../../../../../UnrealCourse/Section_03/BuildingEscape/DerivedDataCache/Compressed.ddp not found, will not use a pak cache.
[2017.07.02-10.13.53:013][  0]LogDerivedDataCache: Unable to find inner node CompressedPak for hierarchical cache Hierarchy.
[2017.07.02-10.13.53:088][  0]LogDerivedDataCache:Display: Pak cache opened for reading ../../../Engine/DerivedDataCache/Compressed.ddp.
[2017.07.02-10.13.53:099][  0]LogDerivedDataCache: Using Local data cache path C:/Users/Henry/AppData/Local/UnrealEngine/Common/DerivedDataCache: Writable
[2017.07.02-10.13.53:152][  0]LogMaterial: Verifying Global Shaders for PCD3D_SM5
[2017.07.02-10.13.53:187][  0]LogSlate: Using Freetype 2.6.0
[2017.07.02-10.13.53:314][  0]LogSlate: SlateFontCache - WITH_FREETYPE: 1, WITH_HARFBUZZ: 1
[2017.07.02-10.13.53:314][  0]LogSlate: SlateFontCache - WITH_FREETYPE: 1, WITH_HARFBUZZ: 1
[2017.07.02-10.14.01:801][  0]LogInit: Selected Device Profile: [Windows]
[2017.07.02-10.14.02:724][  0]LogContentStreaming: Texture pool size is 0.00 MB
[2017.07.02-10.14.03:391][  0]LogMeshUtilities: Using QuadricMeshReduction for automatic static mesh reduction
[2017.07.02-10.14.03:586][  0]LogSimplygon: Simplygon DLL not present - disabling.
[2017.07.02-10.14.03:696][  0]LogMeshUtilities: Using SimplygonSwarm for distributed automatic mesh merging
[2017.07.02-10.14.03:696][  0]LogMeshUtilities: No automatic skeletal mesh reduction module available
[2017.07.02-10.14.03:696][  0]LogMeshUtilities: No automatic mesh merging module available
[2017.07.02-10.14.08:341][  0]LogNetVersion: BuildingEscape , NetCL: 3452394, EngineNetVer: 2, GameNetVer: 0 (Checksum: 784502225)
[2017.07.02-10.14.08:592][  0]LogAssetRegistry: FAssetRegistry took 0.0513 seconds to start up
[2017.07.02-10.14.08:956][  0]LogPackageLocalizationCache: Processed 4 localized package path(s) for 2 prioritized culture(s) in 0.296070 seconds
[2017.07.02-10.14.08:961][  0]LogUObjectArray: 34194 objects as part of root set at end of initial load.
[2017.07.02-10.14.08:961][  0]LogUObjectAllocator: 7260416 out of 0 bytes used by permanent object pool.
[2017.07.02-10.14.08:961][  0]LogUObjectArray: CloseDisregardForGC: 0/0 objects in disregard for GC pool
[2017.07.02-10.14.09:060][  0]LogInit: WinSock: version 1.1 (2.2), MaxSocks=32767, MaxUdp=65467
[2017.07.02-10.14.21:566][  0]LogTcpMessaging: Initializing TcpMessaging bridge
[2017.07.02-10.14.21:598][  0]LogUdpMessaging: Initializing bridge on interface 0.0.0.0:0 to multicast group 230.0.0.1:6666.
[2017.07.02-10.14.22:662][  0]LogMaterial: Uniform references updated for custom material expression Custom.
[2017.07.02-10.14.23:348][  0]SourceControl: Info Source control is disabled
[2017.07.02-10.14.23:399][  0]SourceControl: Info Source control is disabled
[2017.07.02-10.14.23:466][  0]SourceControl: Info Source control is disabled
[2017.07.02-10.14.23:501][  0]SourceControl: Info Source control is disabled
[2017.07.02-10.14.24:339][  0]LogAndroidPermission: UAndroidPermissionCallbackProxy::GetInstance
[2017.07.02-10.14.25:198][  0]LogEngine: Initializing Engine...
[2017.07.02-10.14.25:226][  0]LogHMD: Failed to initialize OpenVR with code 110
[2017.07.02-10.14.25:787][  0]LogStats: UGameplayTagsManager::ConstructGameplayTagTree: Construct from data asset -  0.000 s
[2017.07.02-10.14.25:787][  0]LogStats: UGameplayTagsManager::ConstructGameplayTagTree: GameplayTagTreeChangedEvent.Broadcast -  0.000 s
[2017.07.02-10.14.26:226][  0]LogAIModule: Creating AISystem for world Untitled
[2017.07.02-10.14.26:321][  0]LogInit: XAudio2 using 'Speakers (Realtek High Definition Audio)' : 2 channels at 48 kHz using 32 bits per sample (channel mask 0x3)
[2017.07.02-10.14.26:335][  0]LogInit: FAudioDevice initialized.
[2017.07.02-10.14.26:369][  0]LogDerivedDataCache: Saved boot cache 0.03s 90MB C:/Users/Henry/AppData/Local/UnrealEngine/4.16/DerivedDataCache/Boot.ddc.
[2017.07.02-10.14.26:377][  0]LogInit: Texture streaming: Enabled
[2017.07.02-10.14.26:479][  0]LogEngineSessionManager: EngineSessionManager initialized
[2017.07.02-10.14.26:909][  0]LogInit: Transaction tracking system initialized
[2017.07.02-10.14.27:342][  0]BlueprintLog: New page: Editor Load
[2017.07.02-10.14.28:559][  0]LocalizationService: Info Localization service is disabled
[2017.07.02-10.14.29:459][  0]LogConsoleResponse:Display: 
[2017.07.02-10.14.30:974][  0]LogFileCache: Scanning file cache for directory 'E:/UnrealCourse/Section_03/BuildingEscape/Content/' took 0.06s
[2017.07.02-10.14.30:974][  0]LogCook:Display: Max memory allowance for cook 16384mb min free memory 0mb
[2017.07.02-10.14.30:974][  0]LogCook:Display: Mobile HDR setting 1
[2017.07.02-10.14.33:162][  0]SourceControl: Info Source control is disabled
[2017.07.02-10.14.33:194][  0]Cmd: MAP LOAD FILE="../../../../../UnrealCourse/Section_03/BuildingEscape/Content/NewMap.umap" TEMPLATE=0 SHOWPROGRESS=1 FEATURELEVEL=3
[2017.07.02-10.14.33:327][  0]LightingResults: New page: Lighting Build
[2017.07.02-10.14.33:411][  0]MapCheck: New page: Map Check
[2017.07.02-10.14.33:411][  0]LightingResults: New page: Lighting Build
[2017.07.02-10.14.35:733][  0]LogAIModule: Creating AISystem for world NewMap
[2017.07.02-10.14.36:193][  0]LogEditorServer: Finished looking for orphan Actors (0.000 secs)
[2017.07.02-10.14.36:225][  0]Cmd: MAP CHECKDEP NOCLEARLOG
[2017.07.02-10.14.36:265][  0]MapCheck: Info Map check complete: 0 Error(s), 0 Warning(s), took 40.512ms to complete.
[2017.07.02-10.14.36:265][  0]LogFileHelpers: Loading map 'NewMap' took 3.078
[2017.07.02-10.14.36:928][  0]LogWindowsTextInputMethodSystem:Display: IME system now deactivated.
[2017.07.02-10.14.37:523][  0]LogCollectionManager: Loaded 0 collections in 0.000683 seconds
[2017.07.02-10.14.37:712][  0]LogFileCache: Scanning file cache for directory 'E:/UnrealCourse/Section_03/BuildingEscape/Saved/Collections/' took 0.01s
[2017.07.02-10.14.37:712][  0]LogFileCache: Scanning file cache for directory 'E:/UnrealCourse/Section_03/BuildingEscape/Content/Developers/Henry891/Collections/' took 0.01s
[2017.07.02-10.14.37:712][  0]LogFileCache: Scanning file cache for directory 'E:/UnrealCourse/Section_03/BuildingEscape/Content/Collections/' took 0.01s
[2017.07.02-10.14.37:712][  0]LogCollectionManager: Rebuilt the GUID cache for 0 collections in 0.000005 seconds
[2017.07.02-10.14.37:735][  0]LogContentBrowser: Native class hierarchy populated in 0.0204 seconds. Added 2333 classes and 493 folders.
[2017.07.02-10.14.37:827][  0]LogContentBrowser: Native class hierarchy updated for 'WidgetCarousel' in 0.0010 seconds. Added 0 classes and 0 folders.
[2017.07.02-10.14.38:606][  0]LogContentBrowser: Native class hierarchy updated for 'AddContentDialog' in 0.0011 seconds. Added 0 classes and 0 folders.
[2017.07.02-10.14.38:707][  0]LogContentBrowser: Native class hierarchy updated for 'SceneOutliner' in 0.0011 seconds. Added 1 classes and 2 folders.
[2017.07.02-10.14.39:105][  0]LogCrashTracker: Crashtracker disabled due to settings.
[2017.07.02-10.14.39:183][  0]LogSlate: Took 0.013103 seconds to synchronously load lazily loaded font '../../../Engine/Content/Slate/Fonts/Roboto-Regular.ttf' (155K)
[2017.07.02-10.14.39:188][  0]LogSlate: Took 0.004202 seconds to synchronously load lazily loaded font '../../../Engine/Content/Slate/Fonts/Roboto-Bold.ttf' (160K)
[2017.07.02-10.14.39:212][  0]LogSlate: Took 0.008197 seconds to synchronously load lazily loaded font '../../../Engine/Content/Editor/Slate/Fonts/FontAwesome.ttf' (139K)
[2017.07.02-10.14.39:555][  0]LogRenderer: Reallocating scene render targets to support 1616x812 NumSamples 1 (Frame:1).
[2017.07.02-10.14.39:938][  0]LogUObjectGlobals:Warning: Failed to find object 'Class None.'
[2017.07.02-10.14.40:033][  0]LogContentBrowser: Native class hierarchy updated for 'HierarchicalLODOutliner' in 0.0012 seconds. Added 1 classes and 2 folders.
[2017.07.02-10.14.40:033][  0]LogLoad: (Engine Initialization) Total time: 70.57 seconds
[2017.07.02-10.14.40:033][  0]LogLoad: (Engine Initialization) Total Blueprint compile time: 0.86 seconds
[2017.07.02-10.14.40:033][  0]LogExternalProfiler: No external profilers were discovered.  External profiling features will not be available.
[2017.07.02-10.14.40:043][  0]LogOcInput: OculusInput pre-init called
[2017.07.02-10.14.40:043][  0]LogHMD: Starting GearVRController plugin
[2017.07.02-10.14.40:104][  0]LogContentStreaming: Texture pool size now 1000 MB
[2017.07.02-10.14.40:298][  1]LogAssetRegistry: Asset discovery search completed in 31.7281 seconds
[2017.07.02-10.14.40:300][  1]LogCollectionManager: Rebuilt the object cache for 0 collections in 0.000000 seconds (found 0 objects)
[2017.07.02-10.14.40:300][  1]LogCollectionManager: Fixed up redirectors for 0 collections in 0.000032 seconds (updated 0 objects)
[2017.07.02-10.16.18:365][719]LogSlate: Took 0.012259 seconds to synchronously load lazily loaded font '../../../Engine/Content/Slate/Fonts/Roboto-Light.ttf' (159K)
[2017.07.02-10.16.39:935][ 82]LogVSAccessor:Warning: Couldn't goto line number '0' in 'E:/UnrealCourse/Section_03/BuildingEscape/Source/BuildingEscape/Grabber.h'
[2017.07.02-10.16.39:966][ 82]LogVSAccessor:Warning: Couldn't goto line number '0' in 'E:/UnrealCourse/Section_03/BuildingEscape/Source/BuildingEscape/Grabber.cpp'
[2017.07.02-10.38.14:689][253]LogEditorViewport: Clicking on Actor (LMB): StaticMeshActor (SM_Chair2)
[2017.07.02-10.38.15:413][277]LogEditorViewport: Clicking on Actor (LMB): StaticMeshActor (SM_Chair2)
[2017.07.02-10.38.45:247][823]LogTemp: Repeting last play command: Selected Viewport
[2017.07.02-10.38.45:371][823]LogPlayLevel: PlayLevel: No blueprints needed recompiling
[2017.07.02-10.38.45:395][823]PIE: New page: PIE session: NewMap (2 Jul 2017 12:38:45)
[2017.07.02-10.38.45:395][823]LogPlayLevel: Creating play world package: /Game/UEDPIE_0_NewMap
[2017.07.02-10.38.45:432][823]LogPlayLevel: PIE: StaticDuplicateObject took: (0.036849s)
[2017.07.02-10.38.45:433][823]LogAIModule: Creating AISystem for world NewMap
[2017.07.02-10.38.45:433][823]LogPlayLevel: PIE: World Init took: (0.000808s)
[2017.07.02-10.38.45:433][823]LogPlayLevel: PIE: Created PIE world by copying editor world from /Game/NewMap.NewMap to /Game/UEDPIE_0_NewMap.NewMap (0.037911s)
[2017.07.02-10.38.45:534][823]LogInit: XAudio2 using 'Speakers (Realtek High Definition Audio)' : 2 channels at 48 kHz using 32 bits per sample (channel mask 0x3)
[2017.07.02-10.38.45:541][823]LogInit: FAudioDevice initialized.
[2017.07.02-10.38.45:600][823]LogLoad: Game class is 'BuildingEscapeGameMode_BP_C'
[2017.07.02-10.38.45:656][823]LogWorld: Bringing World /Game/UEDPIE_0_NewMap.NewMap up for play (max tick rate 0) at 2017.07.02-11.38.45
[2017.07.02-10.38.45:656][823]LogWorld: Bringing up level for play took: 0.001260
[2017.07.02-10.38.45:710][823]LogContentBrowser: Native class hierarchy updated for 'MovieSceneCapture' in 0.0011 seconds. Added 11 classes and 0 folders.
[2017.07.02-10.38.45:728][823]LogTemp:Warning: Grabber reporting for dootie!
[2017.07.02-10.38.45:728][823]LogTemp:Warning: SM_Chair2 is at X=440.000 Y=360.000 Z=20.000
[2017.07.02-10.38.45:731][823]PIE: Info Play in editor start time for /Game/UEDPIE_0_NewMap 0.138
[2017.07.02-10.40.47:608][355]LogEditorViewport: Clicking on Actor (LMB): StaticMeshActor (SM_GlassWindow)
[2017.07.02-10.42.02:435][265]LogSlate: Took 0.000208 seconds to synchronously load lazily loaded font '../../../Engine/Content/Slate/Fonts/Roboto-Light.ttf' (159K)
[2017.07.02-10.42.11:332][310]Cmd: OBJ SAVEPACKAGE PACKAGE="/Game/NewMap" FILE="../../../../../UnrealCourse/Section_03/BuildingEscape/Saved/Autosaves/Game/NewMap_Auto1.umap" SILENT=true AUTOSAVING=true KEEPDIRTY=false
[2017.07.02-10.42.11:492][310]LogSavePackage: Save=59.63ms
[2017.07.02-10.42.11:492][310]LogSavePackage: Moving '../../../../../UnrealCourse/Section_03/BuildingEscape/Saved/NewMap_Auto19C138E924BBAFCFDEBD32DB65D211386.tmp' to '../../../../../UnrealCourse/Section_03/BuildingEscape/Saved/Autosaves/Game/NewMap_Auto1.umap'
[2017.07.02-10.42.11:493][310]LogSavePackage:Display: Finished SavePackage ../../../../../UnrealCourse/Section_03/BuildingEscape/Saved/Autosaves/Game/NewMap_Auto1.umap
[2017.07.02-10.42.11:506][310]LogFileHelpers: Editor autosave (incl. sublevels) for '/Game/NewMap' took 0.301
[2017.07.02-10.42.11:506][310]LogFileHelpers: Editor autosave (incl. sublevels) for all levels took 0.301
[2017.07.02-10.42.44:170][198]LogActorFactory: Actor Factory created SM_TableRound
[2017.07.02-10.42.45:107][305]LogActorFactory: Actor Factory created SM_TableRound
[2017.07.02-10.42.47:543][553]LogEditorViewport: Clicking on Actor (LMB): StaticMeshActor (SM_Chair2)
[2017.07.02-10.43.09:065][357]LogEditorViewport: Clicking on Actor (LMB): StaticMeshActor (SM_TableRound)
[2017.07.02-10.43.09:676][425]LogEditorViewport: Clicking on Actor (LMB): StaticMeshActor (SM_Chair2)
[2017.07.02-10.43.12:429][747]LogEditorViewport: Clicking on Actor (LMB): StaticMeshActor (SM_TableRound)
[2017.07.02-10.43.25:131][263]LogEditorViewport: Clicking on Actor (LMB): StaticMeshActor (SM_Chair2)
[2017.07.02-10.43.25:857][345]LogEditorViewport: Clicking on Actor (LMB): StaticMeshActor (SM_TableRound)
[2017.07.02-10.43.50:701][414]LogEditorViewport: Clicking on Actor (LMB): StaticMeshActor (SM_Chair2)
[2017.07.02-10.43.53:242][713]LogEditorViewport: Clicking on Actor (LMB): StaticMeshActor (SM_TableRound)
[2017.07.02-10.43.55:918][ 29]LogEditorViewport: Clicking on Actor (LMB): StaticMeshActor (SM_Door2)
[2017.07.02-10.43.59:928][505]LogEditorViewport: Clicking on Actor (LMB): StaticMeshActor (SM_TableRound)
[2017.07.02-10.44.00:872][613]LogEditorViewport: Clicking on Actor (LMB): StaticMeshActor (SM_Chair2)
[2017.07.02-10.44.01:848][725]LogTemp: Repeting last play command: Selected Viewport
[2017.07.02-10.44.01:859][725]LogPlayLevel: PlayLevel: No blueprints needed recompiling
[2017.07.02-10.44.01:859][725]PIE: New page: PIE session: NewMap (2 Jul 2017 12:44:01)
[2017.07.02-10.44.01:859][725]LogPlayLevel: Creating play world package: /Game/UEDPIE_0_NewMap
[2017.07.02-10.44.01:861][725]LogPlayLevel: PIE: StaticDuplicateObject took: (0.002192s)
[2017.07.02-10.44.01:862][725]LogAIModule: Creating AISystem for world NewMap
[2017.07.02-10.44.01:862][725]LogPlayLevel: PIE: World Init took: (0.000888s)
[2017.07.02-10.44.01:862][725]LogPlayLevel: PIE: Created PIE world by copying editor world from /Game/NewMap.NewMap to /Game/UEDPIE_0_NewMap.NewMap (0.003285s)
[2017.07.02-10.44.01:878][725]LogInit: XAudio2 using 'Speakers (Realtek High Definition Audio)' : 2 channels at 48 kHz using 32 bits per sample (channel mask 0x3)
[2017.07.02-10.44.01:885][725]LogInit: FAudioDevice initialized.
[2017.07.02-10.44.01:916][725]LogLoad: Game class is 'BuildingEscapeGameMode_BP_C'
[2017.07.02-10.44.01:919][725]LogWorld: Bringing World /Game/UEDPIE_0_NewMap.NewMap up for play (max tick rate 0) at 2017.07.02-11.44.01
[2017.07.02-10.44.01:919][725]LogWorld: Bringing up level for play took: 0.001311
[2017.07.02-10.44.01:920][725]LogTemp:Warning: Grabber reporting for dootie!
[2017.07.02-10.44.01:920][725]LogTemp:Warning: SM_Chair2 is at X=440.000 Y=360.000 Z=20.000
[2017.07.02-10.44.01:920][725]PIE: Info Play in editor start time for /Game/UEDPIE_0_NewMap 0.327
[2017.07.02-10.44.45:620][701]LogTemp: Executing iPhonePackager certificates Engine -bundlename com.YourCompany.BuildingEscape
[2017.07.02-10.44.45:620][701]LogTemp: CWD: E:\Unreal 4\UE_4.16\Engine\Binaries\DotNET\IOS
[2017.07.02-10.44.45:620][701]LogTemp: Initial Dir: E:\Unreal 4\UE_4.16
[2017.07.02-10.44.45:620][701]LogTemp: Env CWD: E:\Unreal 4\UE_4.16\Engine\Binaries\DotNET\IOS
[2017.07.02-10.44.45:620][701]LogTemp: BranchPath = PCBOI/E/Unreal 4/UE_4.16/Engine/Binaries --- GameBranchPath = PCBOI/E/Unreal 4/UE_4.16/Engine/Binaries
[2017.07.02-10.44.45:620][701]LogTemp: IPP ERROR: Could not find provision directory 'C:\Users\Henry\AppData\Local/Apple Computer/MobileDevice/Provisioning Profiles/'.
[2017.07.02-10.44.45:620][701]LogSlate: Only BGRA pngs, bmps or icos are supported in by External Image Picker
[2017.07.02-10.46.33:329][226]LogSlate: Took 0.000110 seconds to synchronously load lazily loaded font '../../../Engine/Content/Slate/Fonts/Roboto-Regular.ttf' (155K)
[2017.07.02-10.46.33:517][226]LogContentBrowser: Native class hierarchy updated for 'BlueprintGraph' in 0.0013 seconds. Added 112 classes and 0 folders.
[2017.07.02-10.46.34:569][226]LogSlate: Took 0.019521 seconds to synchronously load lazily loaded font '../../../Engine/Content/Editor/Slate/Fonts/Roboto-BoldCondensed.ttf' (158K)
[2017.07.02-10.46.35:605][302]LogSlate: Took 0.033760 seconds to synchronously load lazily loaded font '../../../Engine/Content/Editor/Slate/Fonts/Roboto-Italic.ttf' (157K)
[2017.07.02-10.52.27:924][822]Cmd: OBJ SAVEPACKAGE PACKAGE="/Game/NewMap" FILE="../../../../../UnrealCourse/Section_03/BuildingEscape/Saved/Autosaves/Game/NewMap_Auto2.umap" SILENT=true AUTOSAVING=true KEEPDIRTY=false
[2017.07.02-10.52.27:967][822]LogSavePackage: Save=39.08ms
[2017.07.02-10.52.27:967][822]LogSavePackage: Moving '../../../../../UnrealCourse/Section_03/BuildingEscape/Saved/NewMap_Auto28FFA285F48E6E49E96E739AD374069EF.tmp' to '../../../../../UnrealCourse/Section_03/BuildingEscape/Saved/Autosaves/Game/NewMap_Auto2.umap'
[2017.07.02-10.52.27:968][822]LogSavePackage:Display: Finished SavePackage ../../../../../UnrealCourse/Section_03/BuildingEscape/Saved/Autosaves/Game/NewMap_Auto2.umap
[2017.07.02-10.52.27:969][822]LogFileHelpers: Editor autosave (incl. sublevels) for '/Game/NewMap' took 0.106
[2017.07.02-10.52.27:970][822]LogFileHelpers: Editor autosave (incl. sublevels) for all levels took 0.106
[2017.07.02-13.08.58:976][557]LogEditorViewport: Clicking on Actor (LMB): StaticMeshActor (Floor)
[2017.07.02-13.09.05:705][344]LogTemp: Repeting last play command: Selected Viewport
[2017.07.02-13.09.05:717][344]LogPlayLevel: PlayLevel: No blueprints needed recompiling
[2017.07.02-13.09.05:717][344]PIE: New page: PIE session: NewMap (2 Jul 2017 15:09:05)
[2017.07.02-13.09.05:717][344]LogPlayLevel: Creating play world package: /Game/UEDPIE_0_NewMap
[2017.07.02-13.09.05:719][344]LogPlayLevel: PIE: StaticDuplicateObject took: (0.002435s)
[2017.07.02-13.09.05:720][344]LogAIModule: Creating AISystem for world NewMap
[2017.07.02-13.09.05:720][344]LogPlayLevel: PIE: World Init took: (0.000751s)
[2017.07.02-13.09.05:720][344]LogPlayLevel: PIE: Created PIE world by copying editor world from /Game/NewMap.NewMap to /Game/UEDPIE_0_NewMap.NewMap (0.003399s)
[2017.07.02-13.09.05:740][344]LogInit: XAudio2 using 'Speakers (Realtek High Definition Audio)' : 2 channels at 48 kHz using 32 bits per sample (channel mask 0x3)
[2017.07.02-13.09.05:747][344]LogInit: FAudioDevice initialized.
[2017.07.02-13.09.05:773][344]LogLoad: Game class is 'BuildingEscapeGameMode_BP_C'
[2017.07.02-13.09.05:776][344]LogWorld: Bringing World /Game/UEDPIE_0_NewMap.NewMap up for play (max tick rate 0) at 2017.07.02-14.09.05
[2017.07.02-13.09.05:776][344]LogWorld: Bringing up level for play took: 0.001308
[2017.07.02-13.09.05:777][344]LogTemp:Warning: Grabber reporting for dootie!
[2017.07.02-13.09.05:777][344]LogTemp:Warning: SM_Chair2 is at X=440.000 Y=360.000 Z=20.000
[2017.07.02-13.09.05:777][344]PIE: Info Play in editor start time for /Game/UEDPIE_0_NewMap 0.185
[2017.07.02-13.09.19:458][741]Cmd: OBJ SAVEPACKAGE PACKAGE="/Game/NewMap" FILE="../../../../../UnrealCourse/Section_03/BuildingEscape/Content/NewMap.umap" SILENT=true AUTOSAVING=false KEEPDIRTY=false
[2017.07.02-13.09.19:511][741]LogSavePackage: Save=35.86ms
[2017.07.02-13.09.19:511][741]LogSavePackage: Moving '../../../../../UnrealCourse/Section_03/BuildingEscape/Saved/NewMapFE75A4C0403BC9712BBA7FB912A009D6.tmp' to '../../../../../UnrealCourse/Section_03/BuildingEscape/Content/NewMap.umap'
[2017.07.02-13.09.19:515][741]LogSavePackage:Display: Finished SavePackage ../../../../../UnrealCourse/Section_03/BuildingEscape/Content/NewMap.umap
[2017.07.02-13.09.19:533][741]Cmd: OBJ SAVEPACKAGE PACKAGE="/Game/NewMap_BuiltData" FILE="../../../../../UnrealCourse/Section_03/BuildingEscape/Content/NewMap_BuiltData.uasset" SILENT=true
[2017.07.02-13.09.19:603][741]LogSavePackage: Save=66.27ms
[2017.07.02-13.09.19:603][741]LogSavePackage: Moving '../../../../../UnrealCourse/Section_03/BuildingEscape/Saved/NewMap_BuiltDataC71BA7644E7C9A1AE69C378B03F87311.tmp' to '../../../../../UnrealCourse/Section_03/BuildingEscape/Content/NewMap_BuiltData.uasset'
[2017.07.02-13.09.19:604][741]LogSavePackage:Display: Finished SavePackage ../../../../../UnrealCourse/Section_03/BuildingEscape/Content/NewMap_BuiltData.uasset
[2017.07.02-13.09.23:451][160]Cmd: QUIT_EDITOR
[2017.07.02-13.09.23:745][160]LogWindowsTextInputMethodSystem:Display: IME system now deactivated.
[2017.07.02-13.09.23:754][160]LogExit: Preparing to exit.
[2017.07.02-13.09.24:594][160]LogDirectoryWatcher: A directory notification for 'E:/UnrealCourse/Section_03/BuildingEscape/Content/' was aborted.
[2017.07.02-13.09.24:625][160]LogExit: Editor shut down
[2017.07.02-13.09.24:631][160]LogExit: Transaction tracking system shut down
[2017.07.02-13.09.24:997][160]LogObj: Freed 0b from 0 cluster array pools.
[2017.07.02-13.09.24:997][160]LogExit: Object subsystem successfully closed.
[2017.07.02-13.09.25:062][160]LogD3D11RHI: Shutdown
[2017.07.02-13.09.25:062][160]LogD3D11RHI: CleanupD3DDevice
[2017.07.02-13.09.25:120][160]LogD3D11RHI: ~FD3D11DynamicRHI
[2017.07.02-13.09.25:270][160]LogModuleManager: Shutting down and abandoning module BlueprintGraph (534)
[2017.07.02-13.09.25:270][160]LogModuleManager: Shutting down and abandoning module BlueprintProfiler (532)
[2017.07.02-13.09.25:271][160]LogModuleManager: Shutting down and abandoning module ExternalImagePicker (530)
[2017.07.02-13.09.25:271][160]LogModuleManager: Shutting down and abandoning module MovieSceneCapture (528)
[2017.07.02-13.09.25:271][160]LogModuleManager: Shutting down and abandoning module HierarchicalLODOutliner (526)
[2017.07.02-13.09.25:271][160]LogModuleManager: Shutting down and abandoning module CrashTracker (524)
[2017.07.02-13.09.25:271][160]LogModuleManager: Shutting down and abandoning module SceneOutliner (522)
[2017.07.02-13.09.25:271][160]LogModuleManager: Shutting down and abandoning module AddContentDialog (520)
[2017.07.02-13.09.25:280][160]LogDirectoryWatcher: A directory notification for 'E:/Unreal 4/UE_4.16/FeaturePacks/' was aborted.
[2017.07.02-13.09.25:281][160]LogModuleManager: Shutting down and abandoning module WidgetCarousel (519)
[2017.07.02-13.09.25:281][160]LogModuleManager: Shutting down and abandoning module EditorWidgets (516)
[2017.07.02-13.09.25:281][160]LogModuleManager: Shutting down and abandoning module CollectionManager (514)
[2017.07.02-13.09.25:281][160]LogDirectoryWatcher: A directory notification for 'E:/UnrealCourse/Section_03/BuildingEscape/Content/Collections/' was aborted.
[2017.07.02-13.09.25:281][160]LogDirectoryWatcher: A directory notification for 'E:/UnrealCourse/Section_03/BuildingEscape/Content/Developers/Henry891/Collections/' was aborted.
[2017.07.02-13.09.25:281][160]LogDirectoryWatcher: A directory notification for 'E:/UnrealCourse/Section_03/BuildingEscape/Saved/Collections/' was aborted.
[2017.07.02-13.09.25:281][160]LogModuleManager: Shutting down and abandoning module StatsViewer (512)
[2017.07.02-13.09.25:281][160]LogModuleManager: Shutting down and abandoning module FoliageEdit (510)
[2017.07.02-13.09.25:281][160]LogModuleManager: Shutting down and abandoning module LandscapeEditor (508)
[2017.07.02-13.09.25:290][160]LogModuleManager: Shutting down and abandoning module MeshPaintMode (506)
[2017.07.02-13.09.25:290][160]LogModuleManager: Shutting down and abandoning module SceneDepthPickerMode (504)
[2017.07.02-13.09.25:290][160]LogModuleManager: Shutting down and abandoning module ActorPickerMode (502)
[2017.07.02-13.09.25:290][160]LogModuleManager: Shutting down and abandoning module GeometryMode (500)
[2017.07.02-13.09.25:290][160]LogModuleManager: Shutting down and abandoning module TextureAlignMode (498)
[2017.07.02-13.09.25:290][160]LogModuleManager: Shutting down and abandoning module BspMode (496)
[2017.07.02-13.09.25:290][160]LogModuleManager: Shutting down and abandoning module HardwareSurvey (494)
[2017.07.02-13.09.25:290][160]LogModuleManager: Shutting down and abandoning module SequenceRecorderSections (492)
[2017.07.02-13.09.25:290][160]LogModuleManager: Shutting down and abandoning module AutomationWorker (490)
[2017.07.02-13.09.25:290][160]LogModuleManager: Shutting down and abandoning module MatineeToLevelSequence (488)
[2017.07.02-13.09.25:302][160]LogModuleManager: Shutting down and abandoning module LevelSequenceEditor (486)
[2017.07.02-13.09.25:309][160]LogModuleManager: Shutting down and abandoning module PlacementMode (485)
[2017.07.02-13.09.25:309][160]LogModuleManager: Shutting down and abandoning module WmfMediaFactory (482)
[2017.07.02-13.09.25:309][160]LogModuleManager: Shutting down and abandoning module WmfMediaEditor (480)
[2017.07.02-13.09.25:309][160]LogModuleManager: Shutting down and abandoning module AvfMediaFactory (478)
[2017.07.02-13.09.25:309][160]LogModuleManager: Shutting down and abandoning module AvfMediaEditor (476)
[2017.07.02-13.09.25:309][160]LogModuleManager: Shutting down and abandoning module AndroidMediaFactory (474)
[2017.07.02-13.09.25:309][160]LogModuleManager: Shutting down and abandoning module Media (473)
[2017.07.02-13.09.25:309][160]LogModuleManager: Shutting down and abandoning module AndroidMediaEditor (470)
[2017.07.02-13.09.25:309][160]LogModuleManager: Shutting down and abandoning module CharacterAI (468)
[2017.07.02-13.09.25:309][160]LogModuleManager: Shutting down and abandoning module AudioCapture (466)
[2017.07.02-13.09.25:309][160]LogModuleManager: Shutting down and abandoning module SequenceRecorder (465)
[2017.07.02-13.09.25:309][160]LogModuleManager: Shutting down and abandoning module SmartSnapping (462)
[2017.07.02-13.09.25:309][160]LogModuleManager: Shutting down and abandoning module SessionServices (460)
[2017.07.02-13.09.25:309][160]LogModuleManager: Shutting down and abandoning module ViewportSnapping (458)
[2017.07.02-13.09.25:309][160]LogModuleManager: Shutting down and abandoning module ViewportInteraction (456)
[2017.07.02-13.09.25:309][160]LogModuleManager: Shutting down and abandoning module ClothPainter (454)
[2017.07.02-13.09.25:343][160]LogModuleManager: Shutting down and abandoning module LogVisualizer (452)
[2017.07.02-13.09.25:353][160]LogModuleManager: Shutting down and abandoning module IntroTutorials (450)
[2017.07.02-13.09.25:353][160]LogModuleManager: Shutting down and abandoning module GameProjectGeneration (449)
[2017.07.02-13.09.25:364][160]LogModuleManager: Shutting down and abandoning module EditorLiveStreaming (446)
[2017.07.02-13.09.25:364][160]LogModuleManager: Shutting down and abandoning module IOSPlatformEditor (444)
[2017.07.02-13.09.25:364][160]LogModuleManager: Shutting down and abandoning module HTML5PlatformEditor (442)
[2017.07.02-13.09.25:364][160]LogModuleManager: Shutting down and abandoning module AndroidPlatformEditor (440)
[2017.07.02-13.09.25:364][160]LogModuleManager: Shutting down and abandoning module AndroidDeviceDetection (439)
[2017.07.02-13.09.26:087][160]LogModuleManager: Shutting down and abandoning module IOSRuntimeSettings (436)
[2017.07.02-13.09.26:087][160]LogModuleManager: Shutting down and abandoning module AndroidRuntimeSettings (434)
[2017.07.02-13.09.26:087][160]LogModuleManager: Shutting down and abandoning module InputBindingEditor (432)
[2017.07.02-13.09.26:087][160]LogModuleManager: Shutting down and abandoning module MergeActors (430)
[2017.07.02-13.09.26:088][160]LogModuleManager: Shutting down and abandoning module SizeMap (428)
[2017.07.02-13.09.26:088][160]LogModuleManager: Shutting down and abandoning module TreeMap (426)
[2017.07.02-13.09.26:096][160]LogModuleManager: Shutting down and abandoning module ReferenceViewer (424)
[2017.07.02-13.09.26:096][160]LogModuleManager: Shutting down and abandoning module LocalizationDashboard (422)
[2017.07.02-13.09.26:102][160]LogModuleManager: Shutting down and abandoning module LocalizationService (421)
[2017.07.02-13.09.26:102][160]LogModuleManager: Shutting down and abandoning module HardwareTargeting (418)
[2017.07.02-13.09.26:102][160]LogModuleManager: Shutting down and abandoning module DeviceProfileEditor (416)
[2017.07.02-13.09.26:110][160]LogModuleManager: Shutting down and abandoning module UndoHistory (414)
[2017.07.02-13.09.26:110][160]LogModuleManager: Shutting down and abandoning module UserFeedback (412)
[2017.07.02-13.09.26:110][160]LogModuleManager: Shutting down and abandoning module XmlParser (410)
[2017.07.02-13.09.26:110][160]LogModuleManager: Shutting down and abandoning module Blutility (408)
[2017.07.02-13.09.26:110][160]LogModuleManager: Shutting down and abandoning module ProjectSettingsViewer (406)
[2017.07.02-13.09.26:110][160]LogModuleManager: Shutting down and abandoning module ProjectTargetPlatformEditor (405)
[2017.07.02-13.09.26:110][160]LogModuleManager: Shutting down and abandoning module EditorSettingsViewer (402)
[2017.07.02-13.09.26:110][160]LogModuleManager: Shutting down and abandoning module SettingsEditor (400)
[2017.07.02-13.09.26:110][160]LogModuleManager: Shutting down and abandoning module ProjectLauncher (398)
[2017.07.02-13.09.26:122][160]LogModuleManager: Shutting down and abandoning module SessionFrontend (396)
[2017.07.02-13.09.26:130][160]LogModuleManager: Shutting down and abandoning module ProfilerClient (394)
[2017.07.02-13.09.26:142][160]LogModuleManager: Shutting down and abandoning module DeviceManager (392)
[2017.07.02-13.09.26:150][160]LogModuleManager: Shutting down and abandoning module TargetDeviceServices (391)
[2017.07.02-13.09.26:213][160]LogModuleManager: Shutting down and abandoning module AutomationController (388)
[2017.07.02-13.09.26:213][160]LogModuleManager: Shutting down and abandoning module AutomationWindow (386)
[2017.07.02-13.09.26:220][160]LogModuleManager: Shutting down and abandoning module Layers (384)
[2017.07.02-13.09.26:246][160]LogModuleManager: Shutting down and abandoning module ComponentVisualizers (382)
[2017.07.02-13.09.26:246][160]LogModuleManager: Shutting down and abandoning module DetailCustomizations (380)
[2017.07.02-13.09.26:246][160]LogModuleManager: Shutting down and abandoning module PackagesDialog (378)
[2017.07.02-13.09.26:246][160]LogModuleManager: Shutting down and abandoning module Persona (376)
[2017.07.02-13.09.26:253][160]LogModuleManager: Shutting down and abandoning module AdvancedPreviewScene (375)
[2017.07.02-13.09.26:253][160]LogModuleManager: Shutting down and abandoning module AnimGraph (373)
[2017.07.02-13.09.26:253][160]LogModuleManager: Shutting down and abandoning module Kismet (370)
[2017.07.02-13.09.26:257][160]LogModuleManager: Shutting down and abandoning module ClassViewer (368)
[2017.07.02-13.09.26:257][160]LogModuleManager: Shutting down and abandoning module Toolbox (366)
[2017.07.02-13.09.26:257][160]LogModuleManager: Shutting down and abandoning module ModuleUI (364)
[2017.07.02-13.09.26:266][160]LogModuleManager: Shutting down and abandoning module MovieSceneTools (362)
[2017.07.02-13.09.26:266][160]LogModuleManager: Shutting down and abandoning module OutputLog (360)
[2017.07.02-13.09.26:266][160]LogModuleManager: Shutting down and abandoning module GammaUI (358)
[2017.07.02-13.09.26:288][160]LogModuleManager: Shutting down and abandoning module Documentation (356)
[2017.07.02-13.09.26:288][160]LogModuleManager: Shutting down and abandoning module MovieSceneTracks (354)
[2017.07.02-13.09.26:288][160]LogModuleManager: Shutting down and abandoning module MovieScene (352)
[2017.07.02-13.09.26:288][160]LogModuleManager: Shutting down and abandoning module Niagara (350)
[2017.07.02-13.09.26:288][160]LogModuleManager: Shutting down and abandoning module NiagaraEditor (349)
[2017.07.02-13.09.26:299][160]LogModuleManager: Shutting down and abandoning module StreamingPauseRendering (346)
[2017.07.02-13.09.26:299][160]LogModuleManager: Shutting down and abandoning module AnalyticsET (344)
[2017.07.02-13.09.26:299][160]LogModuleManager: Shutting down and abandoning module PortalServices (342)
[2017.07.02-13.09.26:299][160]LogModuleManager: Shutting down and abandoning module PortalRpc (340)
[2017.07.02-13.09.26:299][160]LogModuleManager: Shutting down and abandoning module MessagingRpc (338)
[2017.07.02-13.09.26:299][160]LogModuleManager: Shutting down and abandoning module AIModule (336)
[2017.07.02-13.09.26:299][160]LogModuleManager: Shutting down and abandoning module GameplayDebugger (335)
[2017.07.02-13.09.26:299][160]LogModuleManager: Shutting down and abandoning module AITestSuite (333)
[2017.07.02-13.09.26:299][160]LogModuleManager: Shutting down and abandoning module ProfilerService (330)
[2017.07.02-13.09.26:486][160]LogModuleManager: Shutting down and abandoning module TaskGraph (328)
[2017.07.02-13.09.26:490][160]LogModuleManager: Shutting down and abandoning module SteamVRController (326)
[2017.07.02-13.09.26:490][160]LogModuleManager: Shutting down and abandoning module SteamVR (324)
[2017.07.02-13.09.26:491][160]LogModuleManager: Shutting down and abandoning module ProceduralMeshComponentEditor (322)
[2017.07.02-13.09.26:491][160]LogModuleManager: Shutting down and abandoning module ProceduralMeshComponent (320)
[2017.07.02-13.09.26:491][160]LogModuleManager: Shutting down and abandoning module OculusLibrary (318)
[2017.07.02-13.09.26:491][160]LogModuleManager: Shutting down and abandoning module OculusInput (316)
[2017.07.02-13.09.26:491][160]LogModuleManager: Shutting down and abandoning module MobilePatchingUtils (314)
[2017.07.02-13.09.26:491][160]LogModuleManager: Shutting down and abandoning module CustomMeshComponent (312)
[2017.07.02-13.09.26:491][160]LogModuleManager: Shutting down and abandoning module CableComponent (310)
[2017.07.02-13.09.26:491][160]LogModuleManager: Shutting down and abandoning module ArchVisCharacter (308)
[2017.07.02-13.09.26:491][160]LogModuleManager: Shutting down and abandoning module AndroidPermission (306)
[2017.07.02-13.09.26:491][160]LogModuleManager: Shutting down and abandoning module MediaPlayerEditor (302)
[2017.07.02-13.09.26:502][160]LogModuleManager: Shutting down and abandoning module HTML5Networking (300)
[2017.07.02-13.09.26:502][160]LogModuleManager: Shutting down and abandoning module AlembicImporter (298)
[2017.07.02-13.09.26:505][160]LogModuleManager: Shutting down and abandoning module AlembicLibrary (297)
[2017.07.02-13.09.26:505][160]LogModuleManager: Shutting down and abandoning module GeometryCache (296)
[2017.07.02-13.09.26:505][160]LogModuleManager: Shutting down and abandoning module GeometryCacheEd (295)
[2017.07.02-13.09.26:505][160]LogModuleManager: Shutting down and abandoning module SuperSearchEditor (290)
[2017.07.02-13.09.26:505][160]LogModuleManager: Shutting down and abandoning module SuperSearch (289)
[2017.07.02-13.09.26:505][160]LogModuleManager: Shutting down and abandoning module SpeedTreeImporter (286)
[2017.07.02-13.09.26:505][160]LogModuleManager: Shutting down and abandoning module PluginBrowser (284)
[2017.07.02-13.09.26:505][160]LogModuleManager: Shutting down and abandoning module MobileLauncherProfileWizard (282)
[2017.07.02-13.09.26:505][160]LogModuleManager: Shutting down and abandoning module VisualStudioSourceCodeAccess (280)
[2017.07.02-13.09.26:505][160]LogModuleManager: Shutting down and abandoning module DesktopPlatform (279)
[2017.07.02-13.09.26:505][160]LogModuleManager: Shutting down and abandoning module UObjectPlugin (276)
[2017.07.02-13.09.26:505][160]LogModuleManager: Shutting down and abandoning module SubversionSourceControl (274)
[2017.07.02-13.09.26:505][160]LogModuleManager: Shutting down and abandoning module PerforceSourceControl (272)
[2017.07.02-13.09.26:505][160]LogModuleManager: Shutting down and abandoning module GitSourceControl (270)
[2017.07.02-13.09.26:505][160]LogModuleManager: Shutting down and abandoning module SourceControl (269)
[2017.07.02-13.09.26:505][160]LogModuleManager: Shutting down and abandoning module LightPropagationVolumeEditor (266)
[2017.07.02-13.09.26:505][160]LogModuleManager: Shutting down and abandoning module PaperTiledImporter (264)
[2017.07.02-13.09.26:505][160]LogModuleManager: Shutting down and abandoning module PaperSpriteSheetImporter (262)
[2017.07.02-13.09.26:505][160]LogModuleManager: Shutting down and abandoning module Paper2DEditor (260)
[2017.07.02-13.09.26:505][160]LogModuleManager: Shutting down and abandoning module MeshPaint (259)
[2017.07.02-13.09.26:505][160]LogModuleManager: Shutting down and abandoning module LevelEditor (257)
[2017.07.02-13.09.26:506][160]LogModuleManager: Shutting down and abandoning module PixelInspectorModule (256)
[2017.07.02-13.09.26:506][160]LogModuleManager: Shutting down and abandoning module MainFrame (254)
[2017.07.02-13.09.26:506][160]LogModuleManager: Shutting down and abandoning module HotReload (253)
[2017.07.02-13.09.26:506][160]LogDirectoryWatcher: A directory notification for 'E:/UnrealCourse/Section_03/BuildingEscape/Binaries/Win64' was aborted.
[2017.07.02-13.09.26:506][160]LogModuleManager: Shutting down and abandoning module BuildingEscape (248)
[2017.07.02-13.09.26:506][160]LogModuleManager: Shutting down and abandoning module PhysXVehiclesEditor (246)
[2017.07.02-13.09.26:506][160]LogModuleManager: Shutting down and abandoning module PhysXVehicles (244)
[2017.07.02-13.09.26:506][160]LogModuleManager: Shutting down and abandoning module LocationServicesBPLibrary (242)
[2017.07.02-13.09.26:506][160]LogModuleManager: Shutting down and abandoning module ImmediatePhysicsEditor (240)
[2017.07.02-13.09.26:506][160]LogModuleManager: Shutting down and abandoning module ImmediatePhysics (238)
[2017.07.02-13.09.26:506][160]LogModuleManager: Shutting down and abandoning module UdpMessaging (236)
[2017.07.02-13.09.26:607][160]LogModuleManager: Shutting down and abandoning module TcpMessaging (234)
[2017.07.02-13.09.26:708][160]LogModuleManager: Shutting down and abandoning module GameplayTagsEditor (232)
[2017.07.02-13.09.26:708][160]LogModuleManager: Shutting down and abandoning module FacialAnimationEditor (230)
[2017.07.02-13.09.26:708][160]LogModuleManager: Shutting down and abandoning module FacialAnimation (228)
[2017.07.02-13.09.26:708][160]LogModuleManager: Shutting down and abandoning module AssetManagerEditor (226)
[2017.07.02-13.09.26:714][160]LogModuleManager: Shutting down and abandoning module GraphEditor (225)
[2017.07.02-13.09.26:714][160]LogModuleManager: Shutting down and abandoning module ContentBrowser (223)
[2017.07.02-13.09.26:714][160]LogModuleManager: Shutting down and abandoning module LightPropagationVolumeRuntime (220)
[2017.07.02-13.09.26:714][160]LogModuleManager: Shutting down and abandoning module Paper2D (218)
[2017.07.02-13.09.26:717][160]LogModuleManager: Shutting down and abandoning module WindowsMoviePlayer (216)
[2017.07.02-13.09.26:717][160]LogModuleManager: Shutting down and abandoning module WmfMedia (214)
[2017.07.02-13.09.26:717][160]LogModuleManager: Shutting down and abandoning module ClothingSystemEditor (212)
[2017.07.02-13.09.26:717][160]LogModuleManager: Shutting down and abandoning module ClothingSystemRuntime (210)
[2017.07.02-13.09.26:731][160]LogModuleManager: Shutting down and abandoning module MediaAssets (208)
[2017.07.02-13.09.26:731][160]LogModuleManager: Shutting down and abandoning module GameLiveStreaming (206)
[2017.07.02-13.09.26:731][160]LogModuleManager: Shutting down and abandoning module VREditor (204)
[2017.07.02-13.09.26:731][160]LogModuleManager: Shutting down and abandoning module StringTableEditor (202)
[2017.07.02-13.09.26:757][160]LogModuleManager: Shutting down and abandoning module GameplayTasksEditor (200)
[2017.07.02-13.09.26:757][160]LogModuleManager: Shutting down and abandoning module BehaviorTreeEditor (198)
[2017.07.02-13.09.26:763][160]LogModuleManager: Shutting down and abandoning module FunctionalTesting (196)
[2017.07.02-13.09.26:763][160]LogModuleManager: Shutting down and abandoning module CollisionAnalyzer (194)
[2017.07.02-13.09.26:774][160]LogModuleManager: Shutting down and abandoning module UMG (192)
[2017.07.02-13.09.26:780][160]LogModuleManager: Shutting down and abandoning module UMGEditor (191)
[2017.07.02-13.09.26:790][160]LogModuleManager: Shutting down and abandoning module Sequencer (190)
[2017.07.02-13.09.26:790][160]LogModuleManager: Shutting down and abandoning module AssetTools (188)
[2017.07.02-13.09.26:799][160]LogModuleManager: Shutting down and abandoning module MessageLog (187)
[2017.07.02-13.09.26:799][160]LogModuleManager: Shutting down and abandoning module WorkspaceMenuStructure (186)
[2017.07.02-13.09.26:799][160]LogModuleManager: Shutting down and abandoning module SlateReflector (180)
[2017.07.02-13.09.26:807][160]LogModuleManager: Shutting down and abandoning module Slate (178)
[2017.07.02-13.09.26:807][160]LogModuleManager: Shutting down and abandoning module EditorStyle (176)
[2017.07.02-13.09.26:809][160]LogModuleManager: Shutting down and abandoning module SourceCodeAccess (174)
[2017.07.02-13.09.26:809][160]LogModuleManager: Shutting down and abandoning module HeadMountedDisplay (172)
[2017.07.02-13.09.26:809][160]LogModuleManager: Shutting down and abandoning module XAudio2 (170)
[2017.07.02-13.09.26:809][160]LogModuleManager: Shutting down and abandoning module Networking (168)
[2017.07.02-13.09.26:809][160]LogModuleManager: Shutting down and abandoning module Core (164)
[2017.07.02-13.09.26:809][160]LogModuleManager: Shutting down and abandoning module AssetRegistry (162)
[2017.07.02-13.09.26:909][160]LogDirectoryWatcher: A directory notification for '../../../Engine/Content/' was aborted.
[2017.07.02-13.09.26:909][160]LogDirectoryWatcher: A directory notification for '../../../../../UnrealCourse/Section_03/BuildingEscape/Content/' was aborted.
[2017.07.02-13.09.26:909][160]LogDirectoryWatcher: A directory notification for '../../../Engine/Plugins/2D/Paper2D/Content/' was aborted.
[2017.07.02-13.09.26:909][160]LogDirectoryWatcher: A directory notification for '../../../Engine/Plugins/Runtime/GearVR/Content/' was aborted.
[2017.07.02-13.09.26:911][160]LogModuleManager: Shutting down and abandoning module DirectoryWatcher (161)
[2017.07.02-13.09.26:912][160]LogModuleManager: Shutting down and abandoning module KismetCompiler (158)
[2017.07.02-13.09.26:912][160]LogModuleManager: Shutting down and abandoning module LevelSequence (156)
[2017.07.02-13.09.26:912][160]LogModuleManager: Shutting down and abandoning module PhysXFormats (154)
[2017.07.02-13.09.26:912][160]LogModuleManager: Shutting down and abandoning module MeshUtilities (152)
[2017.07.02-13.09.26:912][160]LogModuleManager: Shutting down and abandoning module SimplygonSwarm (151)
[2017.07.02-13.09.26:912][160]LogModuleManager: Shutting down and abandoning module SimplygonMeshReduction (149)
[2017.07.02-13.09.26:912][160]LogModuleManager: Shutting down and abandoning module QuadricMeshReduction (147)
[2017.07.02-13.09.26:912][160]LogModuleManager: Shutting down and abandoning module DerivedDataCache (144)
[2017.07.02-13.09.26:994][160]LogDerivedDataCache: Shutdown
[2017.07.02-13.09.26:994][160]LogModuleManager: Shutting down and abandoning module TargetPlatform (142)
[2017.07.02-13.09.26:994][160]LogModuleManager: Shutting down and abandoning module VulkanShaderFormat (141)
[2017.07.02-13.09.26:994][160]LogModuleManager: Shutting down and abandoning module ShaderFormatVectorVM (139)
[2017.07.02-13.09.27:002][160]LogModuleManager: Shutting down and abandoning module ShaderFormatOpenGL (137)
[2017.07.02-13.09.27:013][160]LogModuleManager: Shutting down and abandoning module ShaderFormatD3D (135)
[2017.07.02-13.09.27:013][160]LogModuleManager: Shutting down and abandoning module MetalShaderFormat (133)
[2017.07.02-13.09.27:024][160]LogModuleManager: Shutting down and abandoning module TextureFormatUncompressed (131)
[2017.07.02-13.09.27:024][160]LogModuleManager: Shutting down and abandoning module TextureFormatPVR (129)
[2017.07.02-13.09.27:024][160]LogModuleManager: Shutting down and abandoning module TextureFormatDXT (127)
[2017.07.02-13.09.27:024][160]LogModuleManager: Shutting down and abandoning module TextureFormatIntelISPCTexComp (125)
[2017.07.02-13.09.27:024][160]LogModuleManager: Shutting down and abandoning module TextureFormatASTC (123)
[2017.07.02-13.09.27:024][160]LogModuleManager: Shutting down and abandoning module ImageWrapper (122)
[2017.07.02-13.09.27:024][160]LogModuleManager: Shutting down and abandoning module TextureFormatAndroid (119)
[2017.07.02-13.09.27:024][160]LogModuleManager: Shutting down and abandoning module AudioFormatOpus (117)
[2017.07.02-13.09.27:024][160]LogModuleManager: Shutting down and abandoning module AudioFormatOgg (115)
[2017.07.02-13.09.27:024][160]LogModuleManager: Shutting down and abandoning module AudioFormatADPCM (113)
[2017.07.02-13.09.27:024][160]LogModuleManager: Shutting down and abandoning module LinuxTargetPlatform (111)
[2017.07.02-13.09.27:024][160]LogModuleManager: Shutting down and abandoning module LinuxServerTargetPlatform (109)
[2017.07.02-13.09.27:024][160]LogModuleManager: Shutting down and abandoning module LinuxNoEditorTargetPlatform (107)
[2017.07.02-13.09.27:024][160]LogModuleManager: Shutting down and abandoning module LinuxClientTargetPlatform (105)
[2017.07.02-13.09.27:024][160]LogModuleManager: Shutting down and abandoning module TVOSTargetPlatform (103)
[2017.07.02-13.09.27:024][160]LogModuleManager: Shutting down and abandoning module Messaging (101)
[2017.07.02-13.09.27:024][160]LogModuleManager: Shutting down and abandoning module IOSTargetPlatform (99)
[2017.07.02-13.09.27:024][160]LogModuleManager: Shutting down and abandoning module HTML5TargetPlatform (97)
[2017.07.02-13.09.27:024][160]LogModuleManager: Shutting down and abandoning module Android_PVRTCTargetPlatform (95)
[2017.07.02-13.09.27:024][160]LogModuleManager: Shutting down and abandoning module Android_MultiTargetPlatform (93)
[2017.07.02-13.09.27:024][160]LogModuleManager: Shutting down and abandoning module Android_ETC2TargetPlatform (91)
[2017.07.02-13.09.27:024][160]LogModuleManager: Shutting down and abandoning module Android_ETC1TargetPlatform (89)
[2017.07.02-13.09.27:024][160]LogModuleManager: Shutting down and abandoning module Android_DXTTargetPlatform (87)
[2017.07.02-13.09.27:024][160]LogModuleManager: Shutting down and abandoning module Android_ATCTargetPlatform (85)
[2017.07.02-13.09.27:024][160]LogModuleManager: Shutting down and abandoning module Android_ASTCTargetPlatform (83)
[2017.07.02-13.09.27:024][160]LogModuleManager: Shutting down and abandoning module AndroidTargetPlatform (81)
[2017.07.02-13.09.27:024][160]LogModuleManager: Shutting down and abandoning module WindowsTargetPlatform (79)
[2017.07.02-13.09.27:024][160]LogModuleManager: Shutting down and abandoning module WindowsServerTargetPlatform (77)
[2017.07.02-13.09.27:024][160]LogModuleManager: Shutting down and abandoning module WindowsNoEditorTargetPlatform (75)
[2017.07.02-13.09.27:024][160]LogModuleManager: Shutting down and abandoning module WindowsClientTargetPlatform (73)
[2017.07.02-13.09.27:024][160]LogModuleManager: Shutting down and abandoning module MacTargetPlatform (71)
[2017.07.02-13.09.27:024][160]LogModuleManager: Shutting down and abandoning module MacServerTargetPlatform (69)
[2017.07.02-13.09.27:024][160]LogModuleManager: Shutting down and abandoning module MacNoEditorTargetPlatform (67)
[2017.07.02-13.09.27:024][160]LogModuleManager: Shutting down and abandoning module MacClientTargetPlatform (65)
[2017.07.02-13.09.27:024][160]LogModuleManager: Shutting down and abandoning module AllDesktopTargetPlatform (63)
[2017.07.02-13.09.27:024][160]LogModuleManager: Shutting down and abandoning module InputCore (60)
[2017.07.02-13.09.27:024][160]LogModuleManager: Shutting down and abandoning module Settings (58)
[2017.07.02-13.09.27:024][160]LogModuleManager: Shutting down and abandoning module OculusRift (56)
[2017.07.02-13.09.27:024][160]LogModuleManager: Shutting down and abandoning module GearVRController (54)
[2017.07.02-13.09.27:024][160]LogModuleManager: Shutting down and abandoning module GearVR (52)
[2017.07.02-13.09.27:034][160]LogModuleManager: Shutting down and abandoning module ExampleDeviceProfileSelector (50)
[2017.07.02-13.09.27:034][160]LogModuleManager: Shutting down and abandoning module OnlineBlueprintSupport (48)
[2017.07.02-13.09.27:034][160]LogModuleManager: Shutting down and abandoning module OnlineSubsystem (44)
[2017.07.02-13.09.27:034][160]LogOnline:Display: Unloading online subsystem: NULL
[2017.07.02-13.09.27:041][160]LogModuleManager: Shutting down and abandoning module XMPP (43)
[2017.07.02-13.09.27:052][160]LogModuleManager: Shutting down and abandoning module HTTP (41)
[2017.07.02-13.09.27:052][160]LogHttp:Display: Http module shutting down, but needs to wait on 1 outstanding Http requests:
[2017.07.02-13.09.27:052][160]LogHttp:Display: 	verb=[POST] url=[https://datarouter.ol.epicgames.com/datarouter/api/v1/public/data?SessionID=%7BE237903E-4FF9-6D26-9FFA-46B56AD77CF8%7D&AppID=UEEditor.Rocket.Release&AppVersion=4.16.2-3514769%2B%2B%2BUE4%2BRelease-4.16&UserID=792a68a44fbb11f39c5b928b0a92b453%7C1c2770170c974dea87ad2b41ec4a65ab%7C76525198-daab-451b-b1f3-7338e1d38b7d&AppEnvironment=datacollector-binary&UploadType=eteventstream] status=Processing
[2017.07.02-13.09.27:084][160]LogModuleManager: Shutting down and abandoning module SSL (40)
[2017.07.02-13.09.27:085][160]LogModuleManager: Shutting down and abandoning module HTTPChunkInstaller (36)
[2017.07.02-13.09.27:090][160]LogModuleManager: Shutting down and abandoning module AnimationModifiers (34)
[2017.07.02-13.09.27:096][160]LogModuleManager: Shutting down and abandoning module PropertyEditor (33)
[2017.07.02-13.09.27:096][160]LogModuleManager: Shutting down and abandoning module AudioEditor (30)
[2017.07.02-13.09.27:106][160]LogModuleManager: Shutting down and abandoning module TextureCompressor (28)
[2017.07.02-13.09.27:106][160]LogModuleManager: Shutting down and abandoning module ShaderCore (26)
[2017.07.02-13.09.27:106][160]LogModuleManager: Shutting down and abandoning module Landscape (24)
[2017.07.02-13.09.27:106][160]LogModuleManager: Shutting down and abandoning module SlateRHIRenderer (22)
[2017.07.02-13.09.27:109][160]LogModuleManager: Shutting down and abandoning module OpenGLDrv (20)
[2017.07.02-13.09.27:120][160]LogModuleManager: Shutting down and abandoning module D3D11RHI (18)
[2017.07.02-13.09.27:120][160]LogModuleManager: Shutting down and abandoning module AnimGraphRuntime (16)
[2017.07.02-13.09.27:120][160]LogModuleManager: Shutting down and abandoning module Renderer (14)
[2017.07.02-13.09.27:120][160]LogModuleManager: Shutting down and abandoning module Engine (12)
[2017.07.02-13.09.27:120][160]LogModuleManager: Shutting down and abandoning module CoreUObject (10)
[2017.07.02-13.09.27:120][160]LogModuleManager: Shutting down and abandoning module NetworkFile (8)
[2017.07.02-13.09.27:120][160]LogModuleManager: Shutting down and abandoning module StreamingFile (6)
[2017.07.02-13.09.27:120][160]LogModuleManager: Shutting down and abandoning module SandboxFile (4)
[2017.07.02-13.09.27:120][160]LogModuleManager: Shutting down and abandoning module PakFile (2)
[2017.07.02-13.09.27:122][160]LogExit: Exiting.
[2017.07.02-13.09.27:131][160]Log file closed, 07/02/17 14:09:27
