Log file open, 07/03/17 10:22:13
LogInit:Display: Running engine for game: BuildingEscape
LogPlatformFile: Not using cached read wrapper
LogInit:Display: RandInit(-1963423639) SRandInit(-1963423639).
LogTaskGraph: Started task graph with 5 named threads and 8 total threads with 1 sets of task threads.
LogStats: Stats thread started at 0.127954
LogInit: Using libcurl 7.47.1
LogInit:  - built for x86_64-pc-win32
LogInit:  - supports SSL with OpenSSL/1.0.2g
LogInit:  - supports HTTP deflate (compression) using libz 1.2.8
LogInit:  - other features:
LogInit:      CURL_VERSION_SSL
LogInit:      CURL_VERSION_LIBZ
LogInit:      CURL_VERSION_IPV6
LogInit:      CURL_VERSION_ASYNCHDNS
LogInit:      CURL_VERSION_LARGEFILE
LogInit:      CURL_VERSION_IDN
LogInit:  CurlRequestOptions (configurable via config and command line):
LogInit:  - bVerifyPeer = false  - Libcurl will NOT verify peer certificate
LogInit:  - bUseHttpProxy = false  - Libcurl will NOT use HTTP proxy
LogInit:  - bDontReuseConnections = false  - Libcurl will reuse connections
LogInit:  - CertBundlePath = nullptr  - Libcurl will use whatever was configured at build time.
LogInit: Build: ++UE4+Release-4.16-CL-3514769
LogInit: Engine Version: 4.16.2-3514769+++UE4+Release-4.16
LogInit: Compatible Engine Version: 4.16.0-3452394+++UE4+Release-4.16
LogInit: Net CL: 3452394
LogDevObjectVersion: Number of dev versions registered: 16
LogDevObjectVersion:   Dev-Blueprints (B0D832E4-1F89-4F0D-ACCF-7EB736FD4AA2): 9
LogDevObjectVersion:   Dev-Build (E1C64328-A22C-4D53-A36C-8E866417BD8C): 0
LogDevObjectVersion:   Dev-Core (375EC13C-06E4-48FB-B500-84F0262A717E): 2
LogDevObjectVersion:   Dev-Editor (E4B068ED-F494-42E9-A231-DA0B2E46BB41): 17
LogDevObjectVersion:   Dev-Framework (CFFC743F-43B0-4480-9391-14DF171D2073): 23
LogDevObjectVersion:   Dev-Mobile (B02B49B5-BB20-44E9-A304-32B752E40360): 0
LogDevObjectVersion:   Dev-Networking (A4E4105C-59A1-49B5-A7C5-40C4547EDFEE): 0
LogDevObjectVersion:   Dev-Online (39C831C9-5AE6-47DC-9A44-9C173E1C8E7C): 0
LogDevObjectVersion:   Dev-Physics (78F01B33-EBEA-4F98-B9B4-84EACCB95AA2): 0
LogDevObjectVersion:   Dev-Platform (6631380F-2D4D-43E0-8009-CF276956A95A): 0
LogDevObjectVersion:   Dev-Rendering (12F88B9F-8875-4AFC-A67C-D90C383ABD29): 15
LogDevObjectVersion:   Dev-Sequencer (7B5AE74C-D270-4C10-A958-57980B212A5A): 4
LogDevObjectVersion:   Dev-VR (D7296918-1DD6-4BDD-9DE2-64A83CC13884): 0
LogDevObjectVersion:   Dev-LoadTimes (C2A15278-BFE7-4AFE-6C17-90FF531DF755): 1
LogDevObjectVersion:   Private-Geometry (6EACA3D4-40EC-4CC1-B786-8BED09428FC5): 1
LogDevObjectVersion:   Dev-AnimPhys (29E575DD-E0A3-4627-9D10-D276232CDCEA): 3
LogInit: Compiled (64-bit): Jun 29 2017 02:03:24
LogInit: Compiled with Visual C++: 19.00.24215.01
LogInit: Build Configuration: Development
LogInit: Branch Name: ++UE4+Release-4.16
LogInit: Command line:  
LogInit: Base directory: E:/Unreal 4/UE_4.16/Engine/Binaries/Win64/
LogInit: Installed Engine Build: 1
LogInit: Presizing for max 8388607 objects, including 0 objects not considered by GC, pre-allocating 0 bytes for permanent pool.
LogInit: Object subsystem initialized
[2017.07.03-09.22.14:919][  0]LogInit: Selected Device Profile: [Windows]
[2017.07.03-09.22.14:919][  0]LogInit: Applying CVar settings loaded from the selected device profile: [Windows]
[2017.07.03-09.22.15:061][  0]LogInit: Computer: PCBOI
[2017.07.03-09.22.15:061][  0]LogInit: User: Henry891
[2017.07.03-09.22.15:061][  0]LogInit: CPU Page size=4096, Cores=4
[2017.07.03-09.22.15:061][  0]LogInit: High frequency timer resolution =3.903993 MHz
[2017.07.03-09.22.15:073][  0]LogMemory: Memory total: Physical=15.9GB (16GB approx)
[2017.07.03-09.22.15:073][  0]LogMemory: Platform Memory Stats for Windows
[2017.07.03-09.22.15:073][  0]LogMemory: Process Physical Memory: 274.73 MB used, 274.73 MB peak
[2017.07.03-09.22.15:073][  0]LogMemory: Process Virtual Memory: 260.98 MB used, 260.98 MB peak
[2017.07.03-09.22.15:073][  0]LogMemory: Physical Memory: 5423.12 MB used,  10903.62 MB free, 16326.74 MB total
[2017.07.03-09.22.15:073][  0]LogMemory: Virtual Memory: 638.82 MB used,  10903.62 MB free, 134217728.00 MB total
[2017.07.03-09.22.16:266][  0]LogInit: Using OS detected language (en-GB).
[2017.07.03-09.22.16:266][  0]LogInit: Using OS detected locale (en-GB).
[2017.07.03-09.22.16:460][  0]LogTextLocalizationManager: No specific localization for 'en-GB' exists, so the 'en' localization will be used.
[2017.07.03-09.22.20:316][  0]LogD3D11RHI: D3D11 adapters:
[2017.07.03-09.22.20:805][  0]LogD3D11RHI:    0. 'NVIDIA GeForce GTX 1080' (Feature Level 11_0)
[2017.07.03-09.22.20:805][  0]LogD3D11RHI:       8110/0/8163 MB DedicatedVideo/DedicatedSystem/SharedSystem, Outputs:2, VendorId:0x10de
[2017.07.03-09.22.20:806][  0]LogD3D11RHI:    1. 'Microsoft Basic Render Driver' (Feature Level 11_0)
[2017.07.03-09.22.20:806][  0]LogD3D11RHI:       0/0/8163 MB DedicatedVideo/DedicatedSystem/SharedSystem, Outputs:0, VendorId:0x1414
[2017.07.03-09.22.20:806][  0]LogD3D11RHI: Chosen D3D11 Adapter: 0
[2017.07.03-09.22.20:835][  0]LogD3D11RHI: Creating new Direct3DDevice
[2017.07.03-09.22.20:835][  0]LogD3D11RHI:     GPU DeviceId: 0x1b80 (for the marketing name, search the web for "GPU Device Id")
[2017.07.03-09.22.20:835][  0]LogWindows: EnumDisplayDevices:
[2017.07.03-09.22.20:835][  0]LogWindows:    0. 'NVIDIA GeForce GTX 1080' (P:1 D:1)
[2017.07.03-09.22.20:835][  0]LogWindows:    1. 'NVIDIA GeForce GTX 1080' (P:0 D:1)
[2017.07.03-09.22.20:836][  0]LogWindows:    2. 'NVIDIA GeForce GTX 1080' (P:0 D:0)
[2017.07.03-09.22.20:836][  0]LogWindows:    3. 'NVIDIA GeForce GTX 1080' (P:0 D:0)
[2017.07.03-09.22.20:836][  0]LogWindows: DebugString: FoundDriverCount:4 
[2017.07.03-09.22.20:836][  0]LogD3D11RHI:     Adapter Name: NVIDIA GeForce GTX 1080
[2017.07.03-09.22.20:836][  0]LogD3D11RHI:   Driver Version: 382.53 (internal:22.21.13.8253, unified:382.53)
[2017.07.03-09.22.20:836][  0]LogD3D11RHI:      Driver Date: 6-7-2017
[2017.07.03-09.22.20:836][  0]LogRHI: Texture pool is 1361 MB (70% of 1945 MB)
[2017.07.03-09.22.21:272][  0]LogD3D11RHI: Async texture creation enabled
[2017.07.03-09.22.21:587][  0]LogD3D11RHI: GPU Timing Frequency: 1000.000000 (Debug: 2 1)
[2017.07.03-09.22.21:717][  0]LogShaderCompilers: Guid format shader working directory is -7 characters bigger than the processId version (../../../../../UnrealCourse/Section_03/BuildingEscape/Intermediate/Shaders/WorkingDirectory/4532/).
[2017.07.03-09.22.21:717][  0]LogShaderCompilers: Cleaned the shader compiler working directory 'C:/Users/Henry/AppData/Local/Temp/UnrealShaderWorkingDir/B6ED4E804D8FBF09283DD8ADBFD7AB31/'.
[2017.07.03-09.22.21:730][  0]LogShaderCompilers:Display: Using Local Shader Compiler.
[2017.07.03-09.22.25:120][  0]LogTemp:Display: Loaded TP AllDesktopTargetPlatform
[2017.07.03-09.22.25:149][  0]LogTemp:Display: Loaded TP MacClientTargetPlatform
[2017.07.03-09.22.25:178][  0]LogTemp:Display: Loaded TP MacNoEditorTargetPlatform
[2017.07.03-09.22.25:207][  0]LogTemp:Display: Loaded TP MacServerTargetPlatform
[2017.07.03-09.22.25:276][  0]LogTemp:Display: Loaded TP MacTargetPlatform
[2017.07.03-09.22.25:306][  0]LogTemp:Display: Loaded TP WindowsClientTargetPlatform
[2017.07.03-09.22.25:336][  0]LogTemp:Display: Loaded TP WindowsNoEditorTargetPlatform
[2017.07.03-09.22.25:365][  0]LogTemp:Display: Loaded TP WindowsServerTargetPlatform
[2017.07.03-09.22.25:416][  0]LogTemp:Display: Loaded TP WindowsTargetPlatform
[2017.07.03-09.22.25:454][  0]LogTemp:Display: Loaded TP AndroidTargetPlatform
[2017.07.03-09.22.25:483][  0]LogTemp:Display: Loaded TP Android_ASTCTargetPlatform
[2017.07.03-09.22.25:511][  0]LogTemp:Display: Loaded TP Android_ATCTargetPlatform
[2017.07.03-09.22.25:540][  0]LogTemp:Display: Loaded TP Android_DXTTargetPlatform
[2017.07.03-09.22.25:568][  0]LogTemp:Display: Loaded TP Android_ETC1TargetPlatform
[2017.07.03-09.22.25:596][  0]LogTemp:Display: Loaded TP Android_ETC2TargetPlatform
[2017.07.03-09.22.25:654][  0]LogTemp:Display: Loaded TP Android_MultiTargetPlatform
[2017.07.03-09.22.25:654][  0]LogTemp:Display: Loaded TP Android_PVRTCTargetPlatform
[2017.07.03-09.22.25:675][  0]LogTemp:Display: Loaded TP HTML5TargetPlatform
[2017.07.03-09.22.25:948][  0]LogTemp:Display: Loaded TP IOSTargetPlatform
[2017.07.03-09.22.25:966][  0]LogTemp:Display: Loaded TP TVOSTargetPlatform
[2017.07.03-09.22.25:994][  0]LogTemp:Display: Loaded TP LinuxClientTargetPlatform
[2017.07.03-09.22.26:022][  0]LogTemp:Display: Loaded TP LinuxNoEditorTargetPlatform
[2017.07.03-09.22.26:050][  0]LogTemp:Display: Loaded TP LinuxServerTargetPlatform
[2017.07.03-09.22.26:098][  0]LogTemp:Display: Loaded TP LinuxTargetPlatform
[2017.07.03-09.22.26:098][  0]LogTargetPlatformManager:Display: Building Assets For Windows
[2017.07.03-09.22.27:454][  0]LogDerivedDataCache:Display: Max Cache Size: 512 MB
[2017.07.03-09.22.27:767][  0]LogDerivedDataCache: Loaded boot cache 0.31s 90MB C:/Users/Henry/AppData/Local/UnrealEngine/4.16/DerivedDataCache/Boot.ddc.
[2017.07.03-09.22.27:767][  0]LogDerivedDataCache:Display: Loaded Boot cache: C:/Users/Henry/AppData/Local/UnrealEngine/4.16/DerivedDataCache/Boot.ddc
[2017.07.03-09.22.27:767][  0]LogDerivedDataCache: FDerivedDataBackendGraph:  Pak pak cache file ../../../../../UnrealCourse/Section_03/BuildingEscape/DerivedDataCache/DDC.ddp not found, will not use a pak cache.
[2017.07.03-09.22.27:767][  0]LogDerivedDataCache: Unable to find inner node Pak for hierarchical cache Hierarchy.
[2017.07.03-09.22.27:767][  0]LogDerivedDataCache: FDerivedDataBackendGraph:  CompressedPak pak cache file ../../../../../UnrealCourse/Section_03/BuildingEscape/DerivedDataCache/Compressed.ddp not found, will not use a pak cache.
[2017.07.03-09.22.27:767][  0]LogDerivedDataCache: Unable to find inner node CompressedPak for hierarchical cache Hierarchy.
[2017.07.03-09.22.27:888][  0]LogDerivedDataCache:Display: Pak cache opened for reading ../../../Engine/DerivedDataCache/Compressed.ddp.
[2017.07.03-09.22.27:902][  0]LogDerivedDataCache: Using Local data cache path C:/Users/Henry/AppData/Local/UnrealEngine/Common/DerivedDataCache: Writable
[2017.07.03-09.22.27:978][  0]LogMaterial: Verifying Global Shaders for PCD3D_SM5
[2017.07.03-09.22.28:029][  0]LogSlate: Using Freetype 2.6.0
[2017.07.03-09.22.28:157][  0]LogSlate: SlateFontCache - WITH_FREETYPE: 1, WITH_HARFBUZZ: 1
[2017.07.03-09.22.28:157][  0]LogSlate: SlateFontCache - WITH_FREETYPE: 1, WITH_HARFBUZZ: 1
[2017.07.03-09.22.37:002][  0]LogInit: Selected Device Profile: [Windows]
[2017.07.03-09.22.38:174][  0]LogContentStreaming: Texture pool size is 0.00 MB
[2017.07.03-09.22.38:841][  0]LogMeshUtilities: Using QuadricMeshReduction for automatic static mesh reduction
[2017.07.03-09.22.39:004][  0]LogSimplygon: Simplygon DLL not present - disabling.
[2017.07.03-09.22.39:064][  0]LogMeshUtilities: Using SimplygonSwarm for distributed automatic mesh merging
[2017.07.03-09.22.39:064][  0]LogMeshUtilities: No automatic skeletal mesh reduction module available
[2017.07.03-09.22.39:064][  0]LogMeshUtilities: No automatic mesh merging module available
[2017.07.03-09.22.43:591][  0]LogNetVersion: BuildingEscape , NetCL: 3452394, EngineNetVer: 2, GameNetVer: 0 (Checksum: 784502225)
[2017.07.03-09.22.43:861][  0]LogAssetRegistry: FAssetRegistry took 0.0527 seconds to start up
