Log file open, 07/03/17 10:44:21
LogInit:Display: Running engine for game: BuildingEscape
LogPlatformFile: Not using cached read wrapper
LogInit:Display: RandInit(-1052521600) SRandInit(-1052521600).
LogTaskGraph: Started task graph with 5 named threads and 8 total threads with 1 sets of task threads.
LogStats: Stats thread started at 0.076342
LogInit: Using libcurl 7.47.1
LogInit:  - built for x86_64-pc-win32
LogInit:  - supports SSL with OpenSSL/1.0.2g
LogInit:  - supports HTTP deflate (compression) using libz 1.2.8
LogInit:  - other features:
LogInit:      CURL_VERSION_SSL
LogInit:      CURL_VERSION_LIBZ
LogInit:      CURL_VERSION_IPV6
LogInit:      CURL_VERSION_ASYNCHDNS
LogInit:      CURL_VERSION_LARGEFILE
LogInit:      CURL_VERSION_IDN
LogInit:  CurlRequestOptions (configurable via config and command line):
LogInit:  - bVerifyPeer = false  - Libcurl will NOT verify peer certificate
LogInit:  - bUseHttpProxy = false  - Libcurl will NOT use HTTP proxy
LogInit:  - bDontReuseConnections = false  - Libcurl will reuse connections
LogInit:  - CertBundlePath = nullptr  - Libcurl will use whatever was configured at build time.
LogInit: Build: ++UE4+Release-4.16-CL-3514769
LogInit: Engine Version: 4.16.2-3514769+++UE4+Release-4.16
LogInit: Compatible Engine Version: 4.16.0-3452394+++UE4+Release-4.16
LogInit: Net CL: 3452394
LogDevObjectVersion: Number of dev versions registered: 16
LogDevObjectVersion:   Dev-Blueprints (B0D832E4-1F89-4F0D-ACCF-7EB736FD4AA2): 9
LogDevObjectVersion:   Dev-Build (E1C64328-A22C-4D53-A36C-8E866417BD8C): 0
LogDevObjectVersion:   Dev-Core (375EC13C-06E4-48FB-B500-84F0262A717E): 2
LogDevObjectVersion:   Dev-Editor (E4B068ED-F494-42E9-A231-DA0B2E46BB41): 17
LogDevObjectVersion:   Dev-Framework (CFFC743F-43B0-4480-9391-14DF171D2073): 23
LogDevObjectVersion:   Dev-Mobile (B02B49B5-BB20-44E9-A304-32B752E40360): 0
LogDevObjectVersion:   Dev-Networking (A4E4105C-59A1-49B5-A7C5-40C4547EDFEE): 0
LogDevObjectVersion:   Dev-Online (39C831C9-5AE6-47DC-9A44-9C173E1C8E7C): 0
LogDevObjectVersion:   Dev-Physics (78F01B33-EBEA-4F98-B9B4-84EACCB95AA2): 0
LogDevObjectVersion:   Dev-Platform (6631380F-2D4D-43E0-8009-CF276956A95A): 0
LogDevObjectVersion:   Dev-Rendering (12F88B9F-8875-4AFC-A67C-D90C383ABD29): 15
LogDevObjectVersion:   Dev-Sequencer (7B5AE74C-D270-4C10-A958-57980B212A5A): 4
LogDevObjectVersion:   Dev-VR (D7296918-1DD6-4BDD-9DE2-64A83CC13884): 0
LogDevObjectVersion:   Dev-LoadTimes (C2A15278-BFE7-4AFE-6C17-90FF531DF755): 1
LogDevObjectVersion:   Private-Geometry (6EACA3D4-40EC-4CC1-B786-8BED09428FC5): 1
LogDevObjectVersion:   Dev-AnimPhys (29E575DD-E0A3-4627-9D10-D276232CDCEA): 3
LogInit: Compiled (64-bit): Jun 29 2017 02:03:24
LogInit: Compiled with Visual C++: 19.00.24215.01
LogInit: Build Configuration: Development
LogInit: Branch Name: ++UE4+Release-4.16
LogInit: Command line:  
LogInit: Base directory: E:/Unreal 4/UE_4.16/Engine/Binaries/Win64/
LogInit: Installed Engine Build: 1
LogInit: Presizing for max 8388607 objects, including 0 objects not considered by GC, pre-allocating 0 bytes for permanent pool.
LogInit: Object subsystem initialized
[2017.07.03-09.44.22:266][  0]LogInit: Selected Device Profile: [Windows]
[2017.07.03-09.44.22:266][  0]LogInit: Applying CVar settings loaded from the selected device profile: [Windows]
[2017.07.03-09.44.22:275][  0]LogInit: Computer: PCBOI
[2017.07.03-09.44.22:275][  0]LogInit: User: Henry891
[2017.07.03-09.44.22:275][  0]LogInit: CPU Page size=4096, Cores=4
[2017.07.03-09.44.22:275][  0]LogInit: High frequency timer resolution =3.903993 MHz
[2017.07.03-09.44.22:275][  0]LogMemory: Memory total: Physical=15.9GB (16GB approx)
[2017.07.03-09.44.22:275][  0]LogMemory: Platform Memory Stats for Windows
[2017.07.03-09.44.22:275][  0]LogMemory: Process Physical Memory: 272.89 MB used, 272.89 MB peak
[2017.07.03-09.44.22:275][  0]LogMemory: Process Virtual Memory: 260.93 MB used, 260.93 MB peak
[2017.07.03-09.44.22:275][  0]LogMemory: Physical Memory: 7053.82 MB used,  9272.92 MB free, 16326.74 MB total
[2017.07.03-09.44.22:275][  0]LogMemory: Virtual Memory: 638.34 MB used,  9272.92 MB free, 134217728.00 MB total
[2017.07.03-09.44.22:316][  0]LogInit: Using OS detected language (en-GB).
[2017.07.03-09.44.22:316][  0]LogInit: Using OS detected locale (en-GB).
[2017.07.03-09.44.22:318][  0]LogTextLocalizationManager: No specific localization for 'en-GB' exists, so the 'en' localization will be used.
[2017.07.03-09.44.23:030][  0]LogD3D11RHI: D3D11 adapters:
[2017.07.03-09.44.23:510][  0]LogD3D11RHI:    0. 'NVIDIA GeForce GTX 1080' (Feature Level 11_0)
[2017.07.03-09.44.23:510][  0]LogD3D11RHI:       8110/0/8163 MB DedicatedVideo/DedicatedSystem/SharedSystem, Outputs:2, VendorId:0x10de
[2017.07.03-09.44.23:511][  0]LogD3D11RHI:    1. 'Microsoft Basic Render Driver' (Feature Level 11_0)
[2017.07.03-09.44.23:511][  0]LogD3D11RHI:       0/0/8163 MB DedicatedVideo/DedicatedSystem/SharedSystem, Outputs:0, VendorId:0x1414
[2017.07.03-09.44.23:511][  0]LogD3D11RHI: Chosen D3D11 Adapter: 0
[2017.07.03-09.44.23:514][  0]LogD3D11RHI: Creating new Direct3DDevice
[2017.07.03-09.44.23:514][  0]LogD3D11RHI:     GPU DeviceId: 0x1b80 (for the marketing name, search the web for "GPU Device Id")
[2017.07.03-09.44.23:514][  0]LogWindows: EnumDisplayDevices:
[2017.07.03-09.44.23:515][  0]LogWindows:    0. 'NVIDIA GeForce GTX 1080' (P:1 D:1)
[2017.07.03-09.44.23:515][  0]LogWindows:    1. 'NVIDIA GeForce GTX 1080' (P:0 D:1)
[2017.07.03-09.44.23:515][  0]LogWindows:    2. 'NVIDIA GeForce GTX 1080' (P:0 D:0)
[2017.07.03-09.44.23:515][  0]LogWindows:    3. 'NVIDIA GeForce GTX 1080' (P:0 D:0)
[2017.07.03-09.44.23:515][  0]LogWindows: DebugString: FoundDriverCount:4 
[2017.07.03-09.44.23:515][  0]LogD3D11RHI:     Adapter Name: NVIDIA GeForce GTX 1080
[2017.07.03-09.44.23:515][  0]LogD3D11RHI:   Driver Version: 382.53 (internal:22.21.13.8253, unified:382.53)
[2017.07.03-09.44.23:515][  0]LogD3D11RHI:      Driver Date: 6-7-2017
[2017.07.03-09.44.23:515][  0]LogRHI: Texture pool is 1361 MB (70% of 1945 MB)
[2017.07.03-09.44.23:982][  0]LogD3D11RHI: Async texture creation enabled
[2017.07.03-09.44.24:006][  0]LogD3D11RHI: GPU Timing Frequency: 1000.000000 (Debug: 2 1)
[2017.07.03-09.44.24:095][  0]LogShaderCompilers: Guid format shader working directory is -7 characters bigger than the processId version (../../../../../UnrealCourse/Section_03/BuildingEscape/Intermediate/Shaders/WorkingDirectory/1080/).
[2017.07.03-09.44.24:096][  0]LogShaderCompilers: Cleaned the shader compiler working directory 'C:/Users/Henry/AppData/Local/Temp/UnrealShaderWorkingDir/237791E247F2631ADEE7CD89B9C409D9/'.
[2017.07.03-09.44.24:096][  0]LogShaderCompilers:Display: Using Local Shader Compiler.
[2017.07.03-09.44.24:874][  0]LogTemp:Display: Loaded TP AllDesktopTargetPlatform
[2017.07.03-09.44.24:904][  0]LogTemp:Display: Loaded TP MacClientTargetPlatform
[2017.07.03-09.44.24:934][  0]LogTemp:Display: Loaded TP MacNoEditorTargetPlatform
[2017.07.03-09.44.24:964][  0]LogTemp:Display: Loaded TP MacServerTargetPlatform
[2017.07.03-09.44.24:993][  0]LogTemp:Display: Loaded TP MacTargetPlatform
[2017.07.03-09.44.25:023][  0]LogTemp:Display: Loaded TP WindowsClientTargetPlatform
[2017.07.03-09.44.25:054][  0]LogTemp:Display: Loaded TP WindowsNoEditorTargetPlatform
[2017.07.03-09.44.25:083][  0]LogTemp:Display: Loaded TP WindowsServerTargetPlatform
[2017.07.03-09.44.25:109][  0]LogTemp:Display: Loaded TP WindowsTargetPlatform
[2017.07.03-09.44.25:139][  0]LogTemp:Display: Loaded TP AndroidTargetPlatform
[2017.07.03-09.44.25:168][  0]LogTemp:Display: Loaded TP Android_ASTCTargetPlatform
[2017.07.03-09.44.25:197][  0]LogTemp:Display: Loaded TP Android_ATCTargetPlatform
[2017.07.03-09.44.25:226][  0]LogTemp:Display: Loaded TP Android_DXTTargetPlatform
[2017.07.03-09.44.25:257][  0]LogTemp:Display: Loaded TP Android_ETC1TargetPlatform
[2017.07.03-09.44.25:286][  0]LogTemp:Display: Loaded TP Android_ETC2TargetPlatform
[2017.07.03-09.44.25:345][  0]LogTemp:Display: Loaded TP Android_MultiTargetPlatform
[2017.07.03-09.44.25:345][  0]LogTemp:Display: Loaded TP Android_PVRTCTargetPlatform
[2017.07.03-09.44.25:367][  0]LogTemp:Display: Loaded TP HTML5TargetPlatform
[2017.07.03-09.44.25:429][  0]LogTemp:Display: Loaded TP IOSTargetPlatform
[2017.07.03-09.44.25:448][  0]LogTemp:Display: Loaded TP TVOSTargetPlatform
[2017.07.03-09.44.25:478][  0]LogTemp:Display: Loaded TP LinuxClientTargetPlatform
[2017.07.03-09.44.25:507][  0]LogTemp:Display: Loaded TP LinuxNoEditorTargetPlatform
[2017.07.03-09.44.25:536][  0]LogTemp:Display: Loaded TP LinuxServerTargetPlatform
[2017.07.03-09.44.25:566][  0]LogTemp:Display: Loaded TP LinuxTargetPlatform
[2017.07.03-09.44.25:566][  0]LogTargetPlatformManager:Display: Building Assets For Windows
[2017.07.03-09.44.25:832][  0]LogDerivedDataCache:Display: Max Cache Size: 512 MB
[2017.07.03-09.44.25:908][  0]LogDerivedDataCache: Loaded boot cache 0.08s 90MB C:/Users/Henry/AppData/Local/UnrealEngine/4.16/DerivedDataCache/Boot.ddc.
[2017.07.03-09.44.25:908][  0]LogDerivedDataCache:Display: Loaded Boot cache: C:/Users/Henry/AppData/Local/UnrealEngine/4.16/DerivedDataCache/Boot.ddc
[2017.07.03-09.44.25:908][  0]LogDerivedDataCache: FDerivedDataBackendGraph:  Pak pak cache file ../../../../../UnrealCourse/Section_03/BuildingEscape/DerivedDataCache/DDC.ddp not found, will not use a pak cache.
[2017.07.03-09.44.25:908][  0]LogDerivedDataCache: Unable to find inner node Pak for hierarchical cache Hierarchy.
[2017.07.03-09.44.25:908][  0]LogDerivedDataCache: FDerivedDataBackendGraph:  CompressedPak pak cache file ../../../../../UnrealCourse/Section_03/BuildingEscape/DerivedDataCache/Compressed.ddp not found, will not use a pak cache.
[2017.07.03-09.44.25:908][  0]LogDerivedDataCache: Unable to find inner node CompressedPak for hierarchical cache Hierarchy.
[2017.07.03-09.44.25:922][  0]LogDerivedDataCache:Display: Pak cache opened for reading ../../../Engine/DerivedDataCache/Compressed.ddp.
[2017.07.03-09.44.25:934][  0]LogDerivedDataCache: Using Local data cache path C:/Users/Henry/AppData/Local/UnrealEngine/Common/DerivedDataCache: Writable
[2017.07.03-09.44.25:941][  0]LogMaterial: Verifying Global Shaders for PCD3D_SM5
[2017.07.03-09.44.25:941][  0]LogSlate: Using Freetype 2.6.0
[2017.07.03-09.44.25:942][  0]LogSlate: SlateFontCache - WITH_FREETYPE: 1, WITH_HARFBUZZ: 1
[2017.07.03-09.44.25:942][  0]LogSlate: SlateFontCache - WITH_FREETYPE: 1, WITH_HARFBUZZ: 1
[2017.07.03-09.44.26:186][  0]LogInit: Selected Device Profile: [Windows]
[2017.07.03-09.44.26:243][  0]LogContentStreaming: Texture pool size is 0.00 MB
[2017.07.03-09.44.26:350][  0]LogMeshUtilities: Using QuadricMeshReduction for automatic static mesh reduction
[2017.07.03-09.44.26:375][  0]LogSimplygon: Simplygon DLL not present - disabling.
[2017.07.03-09.44.26:402][  0]LogMeshUtilities: Using SimplygonSwarm for distributed automatic mesh merging
[2017.07.03-09.44.26:402][  0]LogMeshUtilities: No automatic skeletal mesh reduction module available
[2017.07.03-09.44.26:402][  0]LogMeshUtilities: No automatic mesh merging module available
[2017.07.03-09.44.26:779][  0]LogNetVersion: BuildingEscape , NetCL: 3452394, EngineNetVer: 2, GameNetVer: 0 (Checksum: 784502225)
[2017.07.03-09.44.26:826][  0]LogAssetRegistry: FAssetRegistry took 0.0242 seconds to start up
[2017.07.03-09.44.26:863][  0]LogPackageLocalizationCache: Processed 4 localized package path(s) for 2 prioritized culture(s) in 0.021433 seconds
[2017.07.03-09.44.26:868][  0]LogUObjectArray: 34194 objects as part of root set at end of initial load.
[2017.07.03-09.44.26:868][  0]LogUObjectAllocator: 7260416 out of 0 bytes used by permanent object pool.
[2017.07.03-09.44.26:868][  0]LogUObjectArray: CloseDisregardForGC: 0/0 objects in disregard for GC pool
[2017.07.03-09.44.26:900][  0]LogInit: WinSock: version 1.1 (2.2), MaxSocks=32767, MaxUdp=65467
[2017.07.03-09.44.28:433][  0]LogTcpMessaging: Initializing TcpMessaging bridge
[2017.07.03-09.44.28:459][  0]LogUdpMessaging: Initializing bridge on interface 0.0.0.0:0 to multicast group 230.0.0.1:6666.
[2017.07.03-09.44.28:804][  0]LogMaterial: Uniform references updated for custom material expression Custom.
[2017.07.03-09.44.29:037][  0]SourceControl: Info Source control is disabled
[2017.07.03-09.44.29:056][  0]SourceControl: Info Source control is disabled
[2017.07.03-09.44.29:084][  0]SourceControl: Info Source control is disabled
[2017.07.03-09.44.29:110][  0]SourceControl: Info Source control is disabled
[2017.07.03-09.44.29:484][  0]LogAndroidPermission: UAndroidPermissionCallbackProxy::GetInstance
[2017.07.03-09.44.29:821][  0]LogEngine: Initializing Engine...
[2017.07.03-09.44.29:822][  0]LogHMD: Failed to initialize OpenVR with code 110
[2017.07.03-09.44.29:981][  0]LogStats: UGameplayTagsManager::ConstructGameplayTagTree: Construct from data asset -  0.000 s
[2017.07.03-09.44.29:981][  0]LogStats: UGameplayTagsManager::ConstructGameplayTagTree: GameplayTagTreeChangedEvent.Broadcast -  0.000 s
[2017.07.03-09.44.30:052][  0]LogAIModule: Creating AISystem for world Untitled
[2017.07.03-09.44.30:064][  0]LogInit: XAudio2 using 'Speakers (Realtek High Definition Audio)' : 2 channels at 48 kHz using 32 bits per sample (channel mask 0x3)
[2017.07.03-09.44.30:073][  0]LogInit: FAudioDevice initialized.
[2017.07.03-09.44.30:109][  0]LogDerivedDataCache: Saved boot cache 0.04s 90MB C:/Users/Henry/AppData/Local/UnrealEngine/4.16/DerivedDataCache/Boot.ddc.
[2017.07.03-09.44.30:119][  0]LogInit: Texture streaming: Enabled
[2017.07.03-09.44.30:170][  0]LogEngineSessionManager: EngineSessionManager initialized
[2017.07.03-09.44.30:170][  0]LogEngineSessionManager: EngineSessionManager sent abnormal shutdown report. Type=Crashed, SessionId={ECAB834B-4E00-300B-3E8E-CE9011E54EE3}
[2017.07.03-09.44.30:289][  0]LogInit: Transaction tracking system initialized
[2017.07.03-09.44.30:459][  0]BlueprintLog: New page: Editor Load
[2017.07.03-09.44.30:967][  0]LocalizationService: Info Localization service is disabled
[2017.07.03-09.44.31:346][  0]LogConsoleResponse:Display: 
[2017.07.03-09.44.31:447][  0]LogCook:Display: Max memory allowance for cook 16384mb min free memory 0mb
[2017.07.03-09.44.31:447][  0]LogCook:Display: Mobile HDR setting 1
[2017.07.03-09.44.31:680][  0]LogFileCache: Scanning file cache for directory 'E:/UnrealCourse/Section_03/BuildingEscape/Content/' took 0.01s
[2017.07.03-09.44.32:019][  0]SourceControl: Info Source control is disabled
[2017.07.03-09.44.32:019][  0]Cmd: MAP LOAD FILE="../../../../../UnrealCourse/Section_03/BuildingEscape/Content/NewMap.umap" TEMPLATE=0 SHOWPROGRESS=1 FEATURELEVEL=3
[2017.07.03-09.44.32:019][  0]LightingResults: New page: Lighting Build
[2017.07.03-09.44.32:043][  0]MapCheck: New page: Map Check
[2017.07.03-09.44.32:043][  0]LightingResults: New page: Lighting Build
[2017.07.03-09.44.32:339][  0]LogAIModule: Creating AISystem for world NewMap
[2017.07.03-09.44.32:343][  0]LogEditorServer: Finished looking for orphan Actors (0.000 secs)
[2017.07.03-09.44.32:355][  0]Cmd: MAP CHECKDEP NOCLEARLOG
[2017.07.03-09.44.32:388][  0]MapCheck: Info Map check complete: 0 Error(s), 0 Warning(s), took 33.696ms to complete.
[2017.07.03-09.44.32:388][  0]LogFileHelpers: Loading map 'NewMap' took 0.369
[2017.07.03-09.44.32:513][  0]LogCollectionManager: Loaded 0 collections in 0.000681 seconds
[2017.07.03-09.44.32:575][  0]LogFileCache: Scanning file cache for directory 'E:/UnrealCourse/Section_03/BuildingEscape/Saved/Collections/' took 0.01s
[2017.07.03-09.44.32:575][  0]LogFileCache: Scanning file cache for directory 'E:/UnrealCourse/Section_03/BuildingEscape/Content/Developers/Henry891/Collections/' took 0.01s
[2017.07.03-09.44.32:575][  0]LogFileCache: Scanning file cache for directory 'E:/UnrealCourse/Section_03/BuildingEscape/Content/Collections/' took 0.01s
[2017.07.03-09.44.32:575][  0]LogCollectionManager: Rebuilt the GUID cache for 0 collections in 0.000001 seconds
[2017.07.03-09.44.32:582][  0]LogContentBrowser: Native class hierarchy populated in 0.0077 seconds. Added 2333 classes and 493 folders.
[2017.07.03-09.44.32:618][  0]LogContentBrowser: Native class hierarchy updated for 'WidgetCarousel' in 0.0010 seconds. Added 0 classes and 0 folders.
[2017.07.03-09.44.32:647][  0]LogContentBrowser: Native class hierarchy updated for 'AddContentDialog' in 0.0010 seconds. Added 0 classes and 0 folders.
[2017.07.03-09.44.32:673][  0]LogContentBrowser: Native class hierarchy updated for 'SceneOutliner' in 0.0010 seconds. Added 1 classes and 2 folders.
[2017.07.03-09.44.32:698][  0]LogCrashTracker: Crashtracker disabled due to settings.
[2017.07.03-09.44.32:703][  0]LogSlate: Took 0.000179 seconds to synchronously load lazily loaded font '../../../Engine/Content/Slate/Fonts/Roboto-Regular.ttf' (155K)
[2017.07.03-09.44.32:704][  0]LogSlate: Took 0.000119 seconds to synchronously load lazily loaded font '../../../Engine/Content/Slate/Fonts/Roboto-Bold.ttf' (160K)
[2017.07.03-09.44.32:708][  0]LogSlate: Took 0.000165 seconds to synchronously load lazily loaded font '../../../Engine/Content/Editor/Slate/Fonts/FontAwesome.ttf' (139K)
[2017.07.03-09.44.32:785][  0]LogRenderer: Reallocating scene render targets to support 1616x812 NumSamples 1 (Frame:1).
[2017.07.03-09.44.32:880][  0]LogUObjectGlobals:Warning: Failed to find object 'Class None.'
[2017.07.03-09.44.32:925][  0]LogContentBrowser: Native class hierarchy updated for 'HierarchicalLODOutliner' in 0.0010 seconds. Added 1 classes and 2 folders.
[2017.07.03-09.44.32:925][  0]LogLoad: (Engine Initialization) Total time: 11.76 seconds
[2017.07.03-09.44.32:925][  0]LogLoad: (Engine Initialization) Total Blueprint compile time: 0.06 seconds
[2017.07.03-09.44.32:925][  0]LogExternalProfiler: No external profilers were discovered.  External profiling features will not be available.
[2017.07.03-09.44.33:265][  0]LogOcInput: OculusInput pre-init called
[2017.07.03-09.44.33:265][  0]LogHMD: Starting GearVRController plugin
[2017.07.03-09.44.33:277][  0]LogAssetRegistry: Asset discovery search completed in 6.4726 seconds
[2017.07.03-09.44.33:279][  0]LogCollectionManager: Rebuilt the object cache for 0 collections in 0.000001 seconds (found 0 objects)
[2017.07.03-09.44.33:279][  0]LogCollectionManager: Fixed up redirectors for 0 collections in 0.000024 seconds (updated 0 objects)
[2017.07.03-09.44.33:279][  0]LogContentStreaming: Texture pool size now 1000 MB
[2017.07.03-09.44.54:598][ 64]LogHotReload: New module detected: UE4Editor-BuildingEscape-2770.dll
[2017.07.03-09.44.55:274][ 67]LogHotReload: Starting Hot-Reload from IDE
[2017.07.03-09.44.55:281][ 67]LogSlate: Took 0.000159 seconds to synchronously load lazily loaded font '../../../Engine/Content/Slate/Fonts/Roboto-Light.ttf' (159K)
[2017.07.03-09.44.55:334][ 67]LogContentBrowser: Native class hierarchy updated for 'BuildingEscape' in 0.0012 seconds. Added 4 classes and 2 folders.
[2017.07.03-09.44.55:335][ 67]Display: HotReload successful (0 functions remapped  0 scriptstructs remapped)
[2017.07.03-09.44.55:390][ 67]LogContentBrowser: Native class hierarchy populated in 0.0076 seconds. Added 2335 classes and 497 folders.
[2017.07.03-09.44.55:398][ 67]Display: HotReload took  0.1s.
[2017.07.03-09.44.58:431][247]Candidate modules for hot reload:
[2017.07.03-09.44.58:431][247]  BuildingEscape
[2017.07.03-09.44.58:431][247]Launching UnrealBuildTool... [E:/Unreal 4/UE_4.16/Engine/Binaries/DotNET/UnrealBuildTool.exe BuildingEscape -ModuleWithSuffix BuildingEscape 4676 Win64 Development -editorrecompile -canskiplink "E:/UnrealCourse/Section_03/BuildingEscape/BuildingEscape.uproject" ]
[2017.07.03-09.44.58:432][247]Warning: Starting HotReload took  0.0s.
[2017.07.03-09.45.00:257][466]CompilerResultsLog: New page: Compilation - 3 Jul 2017 11:45:00
[2017.07.03-09.45.00:257][466]CompilerResultsLog: Info E:\UnrealCourse\Section_03\BuildingEscape\Source\BuildingEscape\BuildingEscape.Build.cs: warning: Module constructors should take a ReadOnlyTargetRules argument (rather than a TargetInfo argument) and pass it to the base class constructor from 4.15 onwards. Please update the method signature.
[2017.07.03-09.45.00:257][466]CompilerResultsLog: Info E:\UnrealCourse\Section_03\BuildingEscape\Source\BuildingEscape.Target.cs: warning: SetupBinaries() is deprecated in the 4.16 release. From the constructor in your .target.cs file, use ExtraModuleNames.Add("Foo") to add modules to your target, or set LaunchModuleName = "Foo" to override the name of the launch module for program targets.
[2017.07.03-09.45.00:257][466]CompilerResultsLog: Info E:\UnrealCourse\Section_03\BuildingEscape\Source\BuildingEscapeEditor.Target.cs: warning: SetupBinaries() is deprecated in the 4.16 release. From the constructor in your .target.cs file, use ExtraModuleNames.Add("Foo") to add modules to your target, or set LaunchModuleName = "Foo" to override the name of the launch module for program targets.
[2017.07.03-09.45.00:257][466]CompilerResultsLog: Info Compiling game modules for hot reload
[2017.07.03-09.45.00:257][466]CompilerResultsLog: Info Target is up to date
[2017.07.03-09.45.00:257][466]CompilerResultsLog: Info Total build time: 1.68 seconds (NoActionsToExecute executor: 0.00 seconds)
[2017.07.03-09.45.00:257][466]LogMainFrame: MainFrame: Module compiling took 1.832 seconds
[2017.07.03-09.45.00:276][466]LogContentBrowser: Native class hierarchy populated in 0.0092 seconds. Added 2335 classes and 497 folders.
[2017.07.03-09.45.00:276][466]Display: HotReload took  1.9s.
[2017.07.03-09.45.02:126][682]Cmd: OBJ SAVEPACKAGE PACKAGE="/Game/NewMap" FILE="../../../../../UnrealCourse/Section_03/BuildingEscape/Content/NewMap.umap" SILENT=true AUTOSAVING=false KEEPDIRTY=false
[2017.07.03-09.45.02:235][682]LogSavePackage: Save=59.01ms
[2017.07.03-09.45.02:235][682]LogSavePackage: Moving '../../../../../UnrealCourse/Section_03/BuildingEscape/Saved/NewMap8F0A31A8441E7F69B42C9197FE7055F5.tmp' to '../../../../../UnrealCourse/Section_03/BuildingEscape/Content/NewMap.umap'
[2017.07.03-09.45.02:235][682]LogSavePackage:Display: Finished SavePackage ../../../../../UnrealCourse/Section_03/BuildingEscape/Content/NewMap.umap
[2017.07.03-09.45.02:259][682]Cmd: OBJ SAVEPACKAGE PACKAGE="/Game/NewMap_BuiltData" FILE="../../../../../UnrealCourse/Section_03/BuildingEscape/Content/NewMap_BuiltData.uasset" SILENT=true
[2017.07.03-09.45.02:333][682]LogSavePackage: Save=68.21ms
[2017.07.03-09.45.02:333][682]LogSavePackage: Moving '../../../../../UnrealCourse/Section_03/BuildingEscape/Saved/NewMap_BuiltDataB4EE37B841AB462333BBE581A69B3F5B.tmp' to '../../../../../UnrealCourse/Section_03/BuildingEscape/Content/NewMap_BuiltData.uasset'
[2017.07.03-09.45.02:334][682]LogSavePackage:Display: Finished SavePackage ../../../../../UnrealCourse/Section_03/BuildingEscape/Content/NewMap_BuiltData.uasset
[2017.07.03-09.45.02:869][746]LogTemp: Repeting last play command: Selected Viewport
[2017.07.03-09.45.02:893][746]LogPlayLevel: PlayLevel: No blueprints needed recompiling
[2017.07.03-09.45.02:893][746]PIE: New page: PIE session: NewMap (3 Jul 2017 11:45:02)
[2017.07.03-09.45.02:893][746]LogPlayLevel: Creating play world package: /Game/UEDPIE_0_NewMap
[2017.07.03-09.45.02:895][746]LogPlayLevel: PIE: StaticDuplicateObject took: (0.002251s)
[2017.07.03-09.45.02:896][746]LogAIModule: Creating AISystem for world NewMap
[2017.07.03-09.45.02:896][746]LogPlayLevel: PIE: World Init took: (0.000877s)
[2017.07.03-09.45.02:896][746]LogPlayLevel: PIE: Created PIE world by copying editor world from /Game/NewMap.NewMap to /Game/UEDPIE_0_NewMap.NewMap (0.003330s)
[2017.07.03-09.45.02:910][746]LogInit: XAudio2 using 'Speakers (Realtek High Definition Audio)' : 2 channels at 48 kHz using 32 bits per sample (channel mask 0x3)
[2017.07.03-09.45.02:916][746]LogInit: FAudioDevice initialized.
[2017.07.03-09.45.02:965][746]LogLoad: Game class is 'BuildingEscapeGameMode_BP_C'
[2017.07.03-09.45.02:968][746]LogWorld: Bringing World /Game/UEDPIE_0_NewMap.NewMap up for play (max tick rate 0) at 2017.07.03-10.45.02
[2017.07.03-09.45.02:968][746]LogWorld: Bringing up level for play took: 0.001187
[2017.07.03-09.45.02:996][746]LogContentBrowser: Native class hierarchy updated for 'MovieSceneCapture' in 0.0010 seconds. Added 11 classes and 0 folders.
[2017.07.03-09.45.02:997][746]LogTemp:Warning: Grabber reporting for dootie!
[2017.07.03-09.45.02:997][746]LogTemp:Warning: SM_Chair2 is at X=440.000 Y=360.000 Z=20.000
[2017.07.03-09.45.02:997][746]PIE: Info Play in editor start time for /Game/UEDPIE_0_NewMap 0.791
[2017.07.03-09.45.09:109][438]LogSlate: Took 0.013544 seconds to synchronously load lazily loaded font '../../../Engine/Content/Editor/Slate/Fonts/DroidSansMono.ttf' (77K)
[2017.07.03-09.49.16:243][405]LogHotReload: New module detected: UE4Editor-BuildingEscape-5035.dll
[2017.07.03-09.49.16:917][408]LogHotReload: Starting Hot-Reload from IDE
[2017.07.03-09.49.16:971][408]LogContentBrowser: Native class hierarchy updated for 'BuildingEscape' in 0.0011 seconds. Added 4 classes and 2 folders.
[2017.07.03-09.49.16:972][408]Display: HotReload successful (0 functions remapped  0 scriptstructs remapped)
[2017.07.03-09.49.16:996][408]LogContentBrowser: Native class hierarchy populated in 0.0086 seconds. Added 2335 classes and 497 folders.
[2017.07.03-09.49.17:004][408]Display: HotReload took  0.1s.
[2017.07.03-09.49.20:656][617]Candidate modules for hot reload:
[2017.07.03-09.49.20:656][617]  BuildingEscape
[2017.07.03-09.49.20:656][617]Launching UnrealBuildTool... [E:/Unreal 4/UE_4.16/Engine/Binaries/DotNET/UnrealBuildTool.exe BuildingEscape -ModuleWithSuffix BuildingEscape 9287 Win64 Development -editorrecompile -canskiplink "E:/UnrealCourse/Section_03/BuildingEscape/BuildingEscape.uproject" ]
[2017.07.03-09.49.20:658][617]Warning: Starting HotReload took  0.0s.
[2017.07.03-09.49.22:469][834]CompilerResultsLog: New page: Compilation - 3 Jul 2017 11:49:22
[2017.07.03-09.49.22:469][834]CompilerResultsLog: Info E:\UnrealCourse\Section_03\BuildingEscape\Source\BuildingEscape\BuildingEscape.Build.cs: warning: Module constructors should take a ReadOnlyTargetRules argument (rather than a TargetInfo argument) and pass it to the base class constructor from 4.15 onwards. Please update the method signature.
[2017.07.03-09.49.22:469][834]CompilerResultsLog: Info E:\UnrealCourse\Section_03\BuildingEscape\Source\BuildingEscape.Target.cs: warning: SetupBinaries() is deprecated in the 4.16 release. From the constructor in your .target.cs file, use ExtraModuleNames.Add("Foo") to add modules to your target, or set LaunchModuleName = "Foo" to override the name of the launch module for program targets.
[2017.07.03-09.49.22:470][834]CompilerResultsLog: Info E:\UnrealCourse\Section_03\BuildingEscape\Source\BuildingEscapeEditor.Target.cs: warning: SetupBinaries() is deprecated in the 4.16 release. From the constructor in your .target.cs file, use ExtraModuleNames.Add("Foo") to add modules to your target, or set LaunchModuleName = "Foo" to override the name of the launch module for program targets.
[2017.07.03-09.49.22:470][834]CompilerResultsLog: Info Compiling game modules for hot reload
[2017.07.03-09.49.22:470][834]CompilerResultsLog: Info Target is up to date
[2017.07.03-09.49.22:470][834]CompilerResultsLog: Info Total build time: 1.66 seconds (NoActionsToExecute executor: 0.00 seconds)
[2017.07.03-09.49.22:470][834]LogMainFrame: MainFrame: Module compiling took 1.822 seconds
[2017.07.03-09.49.22:488][834]LogContentBrowser: Native class hierarchy populated in 0.0081 seconds. Added 2335 classes and 497 folders.
[2017.07.03-09.49.22:488][834]Display: HotReload took  1.8s.
[2017.07.03-09.49.22:960][891]LogTemp: Repeting last play command: Selected Viewport
[2017.07.03-09.49.22:971][891]LogPlayLevel: PlayLevel: No blueprints needed recompiling
[2017.07.03-09.49.22:971][891]PIE: New page: PIE session: NewMap (3 Jul 2017 11:49:22)
[2017.07.03-09.49.22:972][891]LogPlayLevel: Creating play world package: /Game/UEDPIE_0_NewMap
[2017.07.03-09.49.22:974][891]LogPlayLevel: PIE: StaticDuplicateObject took: (0.002328s)
[2017.07.03-09.49.22:975][891]LogAIModule: Creating AISystem for world NewMap
[2017.07.03-09.49.22:975][891]LogPlayLevel: PIE: World Init took: (0.001048s)
[2017.07.03-09.49.22:975][891]LogPlayLevel: PIE: Created PIE world by copying editor world from /Game/NewMap.NewMap to /Game/UEDPIE_0_NewMap.NewMap (0.003789s)
[2017.07.03-09.49.22:991][891]LogInit: XAudio2 using 'Speakers (Realtek High Definition Audio)' : 2 channels at 48 kHz using 32 bits per sample (channel mask 0x3)
[2017.07.03-09.49.22:997][891]LogInit: FAudioDevice initialized.
[2017.07.03-09.49.23:029][891]LogLoad: Game class is 'BuildingEscapeGameMode_BP_C'
[2017.07.03-09.49.23:031][891]LogWorld: Bringing World /Game/UEDPIE_0_NewMap.NewMap up for play (max tick rate 0) at 2017.07.03-10.49.23
[2017.07.03-09.49.23:032][891]LogWorld: Bringing up level for play took: 0.001395
[2017.07.03-09.49.23:032][891]LogTemp:Warning: Grabber reporting for dootie!
[2017.07.03-09.49.23:032][891]LogTemp:Warning: SM_Chair2 is at X=440.000 Y=360.000 Z=20.000
[2017.07.03-09.49.23:033][891]PIE: Info Play in editor start time for /Game/UEDPIE_0_NewMap 0.827
[2017.07.03-09.49.26:377][291]LogTemp:Warning: Line Trace hit: SM_TableRound_2
[2017.07.03-09.49.26:385][292]LogTemp:Warning: Line Trace hit: SM_TableRound_2
[2017.07.03-09.49.26:393][293]LogTemp:Warning: Line Trace hit: SM_TableRound_2
[2017.07.03-09.49.26:402][294]LogTemp:Warning: Line Trace hit: SM_TableRound_2
[2017.07.03-09.49.26:410][295]LogTemp:Warning: Line Trace hit: SM_TableRound_2
[2017.07.03-09.49.26:418][296]LogTemp:Warning: Line Trace hit: SM_TableRound_2
[2017.07.03-09.49.26:427][297]LogTemp:Warning: Line Trace hit: SM_TableRound_2
[2017.07.03-09.49.26:435][298]LogTemp:Warning: Line Trace hit: SM_TableRound_2
[2017.07.03-09.49.26:443][299]LogTemp:Warning: Line Trace hit: SM_TableRound_2
[2017.07.03-09.49.26:452][300]LogTemp:Warning: Line Trace hit: SM_TableRound_2
[2017.07.03-09.49.26:460][301]LogTemp:Warning: Line Trace hit: SM_TableRound_2
[2017.07.03-09.49.26:468][302]LogTemp:Warning: Line Trace hit: SM_TableRound_2
[2017.07.03-09.49.26:477][303]LogTemp:Warning: Line Trace hit: SM_TableRound_2
[2017.07.03-09.49.26:485][304]LogTemp:Warning: Line Trace hit: SM_TableRound_2
[2017.07.03-09.49.26:493][305]LogTemp:Warning: Line Trace hit: SM_TableRound_2
[2017.07.03-09.49.26:502][306]LogTemp:Warning: Line Trace hit: SM_TableRound_2
[2017.07.03-09.49.26:510][307]LogTemp:Warning: Line Trace hit: SM_TableRound_2
[2017.07.03-09.49.26:518][308]LogTemp:Warning: Line Trace hit: SM_TableRound_2
[2017.07.03-09.49.26:526][309]LogTemp:Warning: Line Trace hit: SM_TableRound_2
[2017.07.03-09.49.26:535][310]LogTemp:Warning: Line Trace hit: SM_TableRound_2
[2017.07.03-09.49.26:543][311]LogTemp:Warning: Line Trace hit: SM_TableRound_2
[2017.07.03-09.49.26:551][312]LogTemp:Warning: Line Trace hit: SM_TableRound_2
[2017.07.03-09.49.26:560][313]LogTemp:Warning: Line Trace hit: SM_TableRound_2
[2017.07.03-09.49.26:568][314]LogTemp:Warning: Line Trace hit: SM_TableRound_2
[2017.07.03-09.49.26:576][315]LogTemp:Warning: Line Trace hit: SM_TableRound_2
[2017.07.03-09.49.26:585][316]LogTemp:Warning: Line Trace hit: SM_TableRound_2
[2017.07.03-09.49.26:593][317]LogTemp:Warning: Line Trace hit: SM_TableRound_2
[2017.07.03-09.49.26:601][318]LogTemp:Warning: Line Trace hit: SM_TableRound_2
[2017.07.03-09.49.26:610][319]LogTemp:Warning: Line Trace hit: SM_TableRound_2
[2017.07.03-09.49.26:618][320]LogTemp:Warning: Line Trace hit: SM_TableRound_2
[2017.07.03-09.49.26:626][321]LogTemp:Warning: Line Trace hit: SM_TableRound_2
[2017.07.03-09.49.26:635][322]LogTemp:Warning: Line Trace hit: SM_TableRound_2
[2017.07.03-09.49.26:643][323]LogTemp:Warning: Line Trace hit: SM_TableRound_2
[2017.07.03-09.49.26:652][324]LogTemp:Warning: Line Trace hit: SM_TableRound_2
[2017.07.03-09.49.26:660][325]LogTemp:Warning: Line Trace hit: SM_TableRound_2
[2017.07.03-09.49.26:668][326]LogTemp:Warning: Line Trace hit: SM_TableRound_2
[2017.07.03-09.49.26:677][327]LogTemp:Warning: Line Trace hit: SM_TableRound_2
[2017.07.03-09.49.26:685][328]LogTemp:Warning: Line Trace hit: SM_TableRound_2
[2017.07.03-09.49.26:693][329]LogTemp:Warning: Line Trace hit: SM_TableRound_2
[2017.07.03-09.49.26:702][330]LogTemp:Warning: Line Trace hit: SM_TableRound_2
[2017.07.03-09.49.26:710][331]LogTemp:Warning: Line Trace hit: SM_TableRound_2
[2017.07.03-09.49.26:718][332]LogTemp:Warning: Line Trace hit: SM_TableRound_2
[2017.07.03-09.49.26:727][333]LogTemp:Warning: Line Trace hit: SM_TableRound_2
[2017.07.03-09.49.26:735][334]LogTemp:Warning: Line Trace hit: SM_TableRound_2
[2017.07.03-09.49.26:743][335]LogTemp:Warning: Line Trace hit: SM_TableRound_2
[2017.07.03-09.49.26:752][336]LogTemp:Warning: Line Trace hit: SM_TableRound_2
[2017.07.03-09.49.26:760][337]LogTemp:Warning: Line Trace hit: SM_TableRound_2
[2017.07.03-09.49.26:768][338]LogTemp:Warning: Line Trace hit: SM_TableRound_2
[2017.07.03-09.49.26:777][339]LogTemp:Warning: Line Trace hit: SM_TableRound_2
[2017.07.03-09.49.26:785][340]LogTemp:Warning: Line Trace hit: SM_TableRound_2
[2017.07.03-09.49.26:793][341]LogTemp:Warning: Line Trace hit: SM_TableRound_2
[2017.07.03-09.49.26:802][342]LogTemp:Warning: Line Trace hit: SM_TableRound_2
[2017.07.03-09.49.26:810][343]LogTemp:Warning: Line Trace hit: SM_TableRound_2
[2017.07.03-09.49.26:818][344]LogTemp:Warning: Line Trace hit: SM_TableRound_2
[2017.07.03-09.49.26:826][345]LogTemp:Warning: Line Trace hit: SM_TableRound_2
[2017.07.03-09.49.26:835][346]LogTemp:Warning: Line Trace hit: SM_TableRound_2
[2017.07.03-09.49.26:843][347]LogTemp:Warning: Line Trace hit: SM_TableRound_2
[2017.07.03-09.49.26:851][348]LogTemp:Warning: Line Trace hit: SM_TableRound_2
[2017.07.03-09.49.26:860][349]LogTemp:Warning: Line Trace hit: SM_TableRound_2
[2017.07.03-09.49.26:868][350]LogTemp:Warning: Line Trace hit: SM_TableRound_2
[2017.07.03-09.49.26:876][351]LogTemp:Warning: Line Trace hit: SM_TableRound_2
[2017.07.03-09.49.26:885][352]LogTemp:Warning: Line Trace hit: SM_TableRound_2
[2017.07.03-09.49.26:893][353]LogTemp:Warning: Line Trace hit: SM_TableRound_2
[2017.07.03-09.49.26:901][354]LogTemp:Warning: Line Trace hit: SM_TableRound_2
[2017.07.03-09.49.26:910][355]LogTemp:Warning: Line Trace hit: SM_TableRound_2
[2017.07.03-09.49.26:918][356]LogTemp:Warning: Line Trace hit: SM_TableRound_2
[2017.07.03-09.49.26:926][357]LogTemp:Warning: Line Trace hit: SM_TableRound_2
[2017.07.03-09.49.26:935][358]LogTemp:Warning: Line Trace hit: SM_TableRound_2
[2017.07.03-09.49.26:943][359]LogTemp:Warning: Line Trace hit: SM_TableRound_2
[2017.07.03-09.49.26:951][360]LogTemp:Warning: Line Trace hit: SM_TableRound_2
[2017.07.03-09.49.26:960][361]LogTemp:Warning: Line Trace hit: SM_TableRound_2
[2017.07.03-09.49.26:968][362]LogTemp:Warning: Line Trace hit: SM_TableRound_2
[2017.07.03-09.49.26:977][363]LogTemp:Warning: Line Trace hit: SM_TableRound_2
[2017.07.03-09.49.26:985][364]LogTemp:Warning: Line Trace hit: SM_TableRound_2
[2017.07.03-09.49.26:993][365]LogTemp:Warning: Line Trace hit: SM_TableRound_2
[2017.07.03-09.49.27:002][366]LogTemp:Warning: Line Trace hit: SM_TableRound_2
[2017.07.03-09.49.27:010][367]LogTemp:Warning: Line Trace hit: SM_TableRound_2
[2017.07.03-09.49.27:019][368]LogTemp:Warning: Line Trace hit: SM_TableRound_2
[2017.07.03-09.49.27:027][369]LogTemp:Warning: Line Trace hit: SM_TableRound_2
[2017.07.03-09.49.27:035][370]LogTemp:Warning: Line Trace hit: SM_TableRound_2
[2017.07.03-09.49.27:043][371]LogTemp:Warning: Line Trace hit: SM_TableRound_2
[2017.07.03-09.49.27:052][372]LogTemp:Warning: Line Trace hit: SM_TableRound_2
[2017.07.03-09.49.27:060][373]LogTemp:Warning: Line Trace hit: SM_TableRound_2
[2017.07.03-09.49.27:068][374]LogTemp:Warning: Line Trace hit: SM_TableRound_2
[2017.07.03-09.49.27:077][375]LogTemp:Warning: Line Trace hit: SM_TableRound_2
[2017.07.03-09.49.27:085][376]LogTemp:Warning: Line Trace hit: SM_TableRound_2
[2017.07.03-09.49.27:093][377]LogTemp:Warning: Line Trace hit: SM_TableRound_2
[2017.07.03-09.49.27:102][378]LogTemp:Warning: Line Trace hit: SM_TableRound_2
[2017.07.03-09.49.27:110][379]LogTemp:Warning: Line Trace hit: SM_TableRound_2
[2017.07.03-09.49.27:118][380]LogTemp:Warning: Line Trace hit: SM_TableRound_2
[2017.07.03-09.49.27:127][381]LogTemp:Warning: Line Trace hit: SM_TableRound_2
[2017.07.03-09.49.27:135][382]LogTemp:Warning: Line Trace hit: SM_TableRound_2
[2017.07.03-09.49.27:143][383]LogTemp:Warning: Line Trace hit: SM_TableRound_2
[2017.07.03-09.49.27:152][384]LogTemp:Warning: Line Trace hit: SM_TableRound_2
[2017.07.03-09.49.27:160][385]LogTemp:Warning: Line Trace hit: SM_TableRound_2
[2017.07.03-09.49.27:168][386]LogTemp:Warning: Line Trace hit: SM_TableRound_2
[2017.07.03-09.49.27:177][387]LogTemp:Warning: Line Trace hit: SM_TableRound_2
[2017.07.03-09.49.27:185][388]LogTemp:Warning: Line Trace hit: SM_TableRound_2
[2017.07.03-09.49.27:193][389]LogTemp:Warning: Line Trace hit: SM_TableRound_2
[2017.07.03-09.49.27:201][390]LogTemp:Warning: Line Trace hit: SM_TableRound_2
[2017.07.03-09.49.27:210][391]LogTemp:Warning: Line Trace hit: SM_TableRound_2
[2017.07.03-09.49.27:218][392]LogTemp:Warning: Line Trace hit: SM_TableRound_2
[2017.07.03-09.49.27:227][393]LogTemp:Warning: Line Trace hit: SM_TableRound_2
[2017.07.03-09.49.27:235][394]LogTemp:Warning: Line Trace hit: SM_TableRound_2
[2017.07.03-09.49.27:243][395]LogTemp:Warning: Line Trace hit: SM_TableRound_2
[2017.07.03-09.49.27:251][396]LogTemp:Warning: Line Trace hit: SM_TableRound_2
[2017.07.03-09.49.27:260][397]LogTemp:Warning: Line Trace hit: SM_TableRound_2
[2017.07.03-09.49.27:268][398]LogTemp:Warning: Line Trace hit: SM_TableRound_2
[2017.07.03-09.49.27:277][399]LogTemp:Warning: Line Trace hit: SM_TableRound_2
[2017.07.03-09.49.27:285][400]LogTemp:Warning: Line Trace hit: SM_TableRound_2
[2017.07.03-09.49.27:293][401]LogTemp:Warning: Line Trace hit: SM_TableRound_2
[2017.07.03-09.49.28:444][539]LogTemp:Warning: Line Trace hit: SM_Chair2
[2017.07.03-09.49.28:452][540]LogTemp:Warning: Line Trace hit: SM_Chair2
[2017.07.03-09.49.28:460][541]LogTemp:Warning: Line Trace hit: SM_Chair2
[2017.07.03-09.49.28:469][542]LogTemp:Warning: Line Trace hit: SM_Chair2
[2017.07.03-09.49.28:477][543]LogTemp:Warning: Line Trace hit: SM_Chair2
[2017.07.03-09.49.28:485][544]LogTemp:Warning: Line Trace hit: SM_Chair2
[2017.07.03-09.49.28:493][545]LogTemp:Warning: Line Trace hit: SM_Chair2
[2017.07.03-09.49.28:502][546]LogTemp:Warning: Line Trace hit: SM_Chair2
[2017.07.03-09.49.28:510][547]LogTemp:Warning: Line Trace hit: SM_Chair2
[2017.07.03-09.49.28:518][548]LogTemp:Warning: Line Trace hit: SM_Chair2
[2017.07.03-09.49.28:527][549]LogTemp:Warning: Line Trace hit: SM_Chair2
[2017.07.03-09.49.28:535][550]LogTemp:Warning: Line Trace hit: SM_Chair2
[2017.07.03-09.49.28:543][551]LogTemp:Warning: Line Trace hit: SM_Chair2
[2017.07.03-09.49.28:552][552]LogTemp:Warning: Line Trace hit: SM_Chair2
[2017.07.03-09.49.28:560][553]LogTemp:Warning: Line Trace hit: SM_Chair2
[2017.07.03-09.49.28:569][554]LogTemp:Warning: Line Trace hit: SM_Chair2
[2017.07.03-09.49.28:577][555]LogTemp:Warning: Line Trace hit: SM_Chair2
[2017.07.03-09.49.28:585][556]LogTemp:Warning: Line Trace hit: SM_Chair2
[2017.07.03-09.49.28:594][557]LogTemp:Warning: Line Trace hit: SM_Chair2
[2017.07.03-09.49.28:602][558]LogTemp:Warning: Line Trace hit: SM_Chair2
[2017.07.03-09.49.28:610][559]LogTemp:Warning: Line Trace hit: SM_Chair2
[2017.07.03-09.49.28:619][560]LogTemp:Warning: Line Trace hit: SM_Chair2
[2017.07.03-09.49.28:627][561]LogTemp:Warning: Line Trace hit: SM_Chair2
[2017.07.03-09.49.28:635][562]LogTemp:Warning: Line Trace hit: SM_Chair2
[2017.07.03-09.49.28:644][563]LogTemp:Warning: Line Trace hit: SM_Chair2
[2017.07.03-09.49.28:652][564]LogTemp:Warning: Line Trace hit: SM_Chair2
[2017.07.03-09.49.28:660][565]LogTemp:Warning: Line Trace hit: SM_Chair2
[2017.07.03-09.49.28:668][566]LogTemp:Warning: Line Trace hit: SM_Chair2
[2017.07.03-09.49.28:677][567]LogTemp:Warning: Line Trace hit: SM_Chair2
[2017.07.03-09.49.28:685][568]LogTemp:Warning: Line Trace hit: SM_Chair2
[2017.07.03-09.49.28:693][569]LogTemp:Warning: Line Trace hit: SM_Chair2
[2017.07.03-09.49.28:702][570]LogTemp:Warning: Line Trace hit: SM_Chair2
[2017.07.03-09.49.28:710][571]LogTemp:Warning: Line Trace hit: SM_Chair2
[2017.07.03-09.49.28:718][572]LogTemp:Warning: Line Trace hit: SM_Chair2
[2017.07.03-09.49.28:727][573]LogTemp:Warning: Line Trace hit: SM_Chair2
[2017.07.03-09.49.28:735][574]LogTemp:Warning: Line Trace hit: SM_Chair2
[2017.07.03-09.49.28:743][575]LogTemp:Warning: Line Trace hit: SM_Chair2
[2017.07.03-09.49.28:752][576]LogTemp:Warning: Line Trace hit: SM_Chair2
[2017.07.03-09.49.28:760][577]LogTemp:Warning: Line Trace hit: SM_Chair2
[2017.07.03-09.49.28:768][578]LogTemp:Warning: Line Trace hit: SM_Chair2
[2017.07.03-09.49.28:777][579]LogTemp:Warning: Line Trace hit: SM_Chair2
[2017.07.03-09.49.28:785][580]LogTemp:Warning: Line Trace hit: SM_Chair2
[2017.07.03-09.49.28:793][581]LogTemp:Warning: Line Trace hit: SM_Chair2
[2017.07.03-09.49.28:802][582]LogTemp:Warning: Line Trace hit: SM_Chair2
[2017.07.03-09.49.28:810][583]LogTemp:Warning: Line Trace hit: SM_Chair2
[2017.07.03-09.49.28:818][584]LogTemp:Warning: Line Trace hit: SM_Chair2
[2017.07.03-09.49.28:827][585]LogTemp:Warning: Line Trace hit: SM_Chair2
[2017.07.03-09.49.28:835][586]LogTemp:Warning: Line Trace hit: SM_Chair2
[2017.07.03-09.49.28:843][587]LogTemp:Warning: Line Trace hit: SM_Chair2
[2017.07.03-09.49.28:852][588]LogTemp:Warning: Line Trace hit: SM_Chair2
[2017.07.03-09.49.28:860][589]LogTemp:Warning: Line Trace hit: SM_Chair2
[2017.07.03-09.49.28:868][590]LogTemp:Warning: Line Trace hit: SM_Chair2
[2017.07.03-09.49.28:877][591]LogTemp:Warning: Line Trace hit: SM_Chair2
[2017.07.03-09.49.28:885][592]LogTemp:Warning: Line Trace hit: SM_Chair2
[2017.07.03-09.49.28:893][593]LogTemp:Warning: Line Trace hit: SM_Chair2
[2017.07.03-09.49.28:902][594]LogTemp:Warning: Line Trace hit: SM_Chair2
[2017.07.03-09.49.28:910][595]LogTemp:Warning: Line Trace hit: SM_Chair2
[2017.07.03-09.49.28:918][596]LogTemp:Warning: Line Trace hit: SM_Chair2
[2017.07.03-09.49.28:927][597]LogTemp:Warning: Line Trace hit: SM_Chair2
[2017.07.03-09.49.28:935][598]LogTemp:Warning: Line Trace hit: SM_Chair2
[2017.07.03-09.49.30:093][737]LogTemp:Warning: Line Trace hit: SM_TableRound_2
[2017.07.03-09.49.30:102][738]LogTemp:Warning: Line Trace hit: SM_TableRound_2
[2017.07.03-09.49.30:110][739]LogTemp:Warning: Line Trace hit: SM_TableRound_2
[2017.07.03-09.49.30:118][740]LogTemp:Warning: Line Trace hit: SM_TableRound_2
[2017.07.03-09.49.30:127][741]LogTemp:Warning: Line Trace hit: SM_TableRound_2
[2017.07.03-09.49.30:135][742]LogTemp:Warning: Line Trace hit: SM_TableRound_2
[2017.07.03-09.49.30:144][743]LogTemp:Warning: Line Trace hit: SM_TableRound_2
[2017.07.03-09.49.30:152][744]LogTemp:Warning: Line Trace hit: SM_TableRound_2
[2017.07.03-09.49.30:160][745]LogTemp:Warning: Line Trace hit: SM_TableRound_2
[2017.07.03-09.49.30:169][746]LogTemp:Warning: Line Trace hit: SM_TableRound_2
[2017.07.03-09.49.30:177][747]LogTemp:Warning: Line Trace hit: SM_TableRound_2
[2017.07.03-09.49.30:185][748]LogTemp:Warning: Line Trace hit: SM_TableRound_2
[2017.07.03-09.49.30:194][749]LogTemp:Warning: Line Trace hit: SM_TableRound_2
[2017.07.03-09.49.30:202][750]LogTemp:Warning: Line Trace hit: SM_TableRound_2
[2017.07.03-09.49.30:210][751]LogTemp:Warning: Line Trace hit: SM_TableRound_2
[2017.07.03-09.49.30:219][752]LogTemp:Warning: Line Trace hit: SM_TableRound_2
[2017.07.03-10.18.18:194][931]LogVSAccessor:Warning: Couldn't goto line number '0' in 'E:/UnrealCourse/Section_03/BuildingEscape/Source/BuildingEscape/Grabber.h'
[2017.07.03-10.18.18:250][931]LogVSAccessor:Warning: Couldn't goto line number '0' in 'E:/UnrealCourse/Section_03/BuildingEscape/Source/BuildingEscape/Grabber.cpp'
[2017.07.03-10.22.11:799][ 27]LogWindowsTextInputMethodSystem:Display: IME system now deactivated.
[2017.07.03-10.22.12:044][ 28]Cmd: QUIT_EDITOR
[2017.07.03-10.22.12:579][ 28]LogExit: Preparing to exit.
[2017.07.03-10.22.13:293][ 28]LogDirectoryWatcher: A directory notification for 'E:/UnrealCourse/Section_03/BuildingEscape/Content/' was aborted.
[2017.07.03-10.22.13:333][ 28]LogExit: Editor shut down
[2017.07.03-10.22.13:339][ 28]LogExit: Transaction tracking system shut down
[2017.07.03-10.22.13:648][ 28]LogObj: Freed 0b from 0 cluster array pools.
[2017.07.03-10.22.13:648][ 28]LogExit: Object subsystem successfully closed.
[2017.07.03-10.22.13:667][ 28]LogD3D11RHI: Shutdown
[2017.07.03-10.22.13:667][ 28]LogD3D11RHI: CleanupD3DDevice
[2017.07.03-10.22.13:729][ 28]LogD3D11RHI: ~FD3D11DynamicRHI
[2017.07.03-10.22.13:934][ 28]LogModuleManager: Shutting down and abandoning module BuildingEscape (530)
[2017.07.03-10.22.13:934][ 28]LogModuleManager: Shutting down and abandoning module MovieSceneCapture (529)
[2017.07.03-10.22.13:934][ 28]LogModuleManager: Shutting down and abandoning module HierarchicalLODOutliner (526)
[2017.07.03-10.22.13:934][ 28]LogModuleManager: Shutting down and abandoning module CrashTracker (524)
[2017.07.03-10.22.13:934][ 28]LogModuleManager: Shutting down and abandoning module SceneOutliner (522)
[2017.07.03-10.22.13:934][ 28]LogModuleManager: Shutting down and abandoning module AddContentDialog (520)
[2017.07.03-10.22.13:934][ 28]LogDirectoryWatcher: A directory notification for 'E:/Unreal 4/UE_4.16/FeaturePacks/' was aborted.
[2017.07.03-10.22.13:934][ 28]LogModuleManager: Shutting down and abandoning module WidgetCarousel (519)
[2017.07.03-10.22.13:934][ 28]LogModuleManager: Shutting down and abandoning module EditorWidgets (516)
[2017.07.03-10.22.13:934][ 28]LogModuleManager: Shutting down and abandoning module CollectionManager (514)
[2017.07.03-10.22.13:934][ 28]LogDirectoryWatcher: A directory notification for 'E:/UnrealCourse/Section_03/BuildingEscape/Content/Collections/' was aborted.
[2017.07.03-10.22.13:934][ 28]LogDirectoryWatcher: A directory notification for 'E:/UnrealCourse/Section_03/BuildingEscape/Content/Developers/Henry891/Collections/' was aborted.
[2017.07.03-10.22.13:934][ 28]LogDirectoryWatcher: A directory notification for 'E:/UnrealCourse/Section_03/BuildingEscape/Saved/Collections/' was aborted.
[2017.07.03-10.22.13:934][ 28]LogModuleManager: Shutting down and abandoning module StatsViewer (512)
[2017.07.03-10.22.13:934][ 28]LogModuleManager: Shutting down and abandoning module FoliageEdit (510)
[2017.07.03-10.22.13:934][ 28]LogModuleManager: Shutting down and abandoning module LandscapeEditor (508)
[2017.07.03-10.22.13:946][ 28]LogModuleManager: Shutting down and abandoning module MeshPaintMode (506)
[2017.07.03-10.22.13:946][ 28]LogModuleManager: Shutting down and abandoning module SceneDepthPickerMode (504)
[2017.07.03-10.22.13:946][ 28]LogModuleManager: Shutting down and abandoning module ActorPickerMode (502)
[2017.07.03-10.22.13:946][ 28]LogModuleManager: Shutting down and abandoning module GeometryMode (500)
[2017.07.03-10.22.13:946][ 28]LogModuleManager: Shutting down and abandoning module TextureAlignMode (498)
[2017.07.03-10.22.13:946][ 28]LogModuleManager: Shutting down and abandoning module BspMode (496)
[2017.07.03-10.22.13:946][ 28]LogModuleManager: Shutting down and abandoning module HardwareSurvey (494)
[2017.07.03-10.22.13:946][ 28]LogModuleManager: Shutting down and abandoning module SequenceRecorderSections (492)
[2017.07.03-10.22.13:946][ 28]LogModuleManager: Shutting down and abandoning module AutomationWorker (490)
[2017.07.03-10.22.13:946][ 28]LogModuleManager: Shutting down and abandoning module MatineeToLevelSequence (488)
[2017.07.03-10.22.13:958][ 28]LogModuleManager: Shutting down and abandoning module LevelSequenceEditor (486)
[2017.07.03-10.22.13:965][ 28]LogModuleManager: Shutting down and abandoning module PlacementMode (485)
[2017.07.03-10.22.13:965][ 28]LogModuleManager: Shutting down and abandoning module WmfMediaFactory (482)
[2017.07.03-10.22.13:965][ 28]LogModuleManager: Shutting down and abandoning module WmfMediaEditor (480)
[2017.07.03-10.22.13:965][ 28]LogModuleManager: Shutting down and abandoning module AvfMediaFactory (478)
[2017.07.03-10.22.13:965][ 28]LogModuleManager: Shutting down and abandoning module AvfMediaEditor (476)
[2017.07.03-10.22.13:965][ 28]LogModuleManager: Shutting down and abandoning module AndroidMediaFactory (474)
[2017.07.03-10.22.13:965][ 28]LogModuleManager: Shutting down and abandoning module Media (473)
[2017.07.03-10.22.13:965][ 28]LogModuleManager: Shutting down and abandoning module AndroidMediaEditor (470)
[2017.07.03-10.22.13:965][ 28]LogModuleManager: Shutting down and abandoning module CharacterAI (468)
[2017.07.03-10.22.13:965][ 28]LogModuleManager: Shutting down and abandoning module AudioCapture (466)
[2017.07.03-10.22.13:965][ 28]LogModuleManager: Shutting down and abandoning module SequenceRecorder (465)
[2017.07.03-10.22.13:965][ 28]LogModuleManager: Shutting down and abandoning module SmartSnapping (462)
[2017.07.03-10.22.13:965][ 28]LogModuleManager: Shutting down and abandoning module SessionServices (460)
[2017.07.03-10.22.13:965][ 28]LogModuleManager: Shutting down and abandoning module ViewportSnapping (458)
[2017.07.03-10.22.13:965][ 28]LogModuleManager: Shutting down and abandoning module ViewportInteraction (456)
[2017.07.03-10.22.13:965][ 28]LogModuleManager: Shutting down and abandoning module ClothPainter (454)
[2017.07.03-10.22.13:999][ 28]LogModuleManager: Shutting down and abandoning module LogVisualizer (452)
[2017.07.03-10.22.14:009][ 28]LogModuleManager: Shutting down and abandoning module IntroTutorials (450)
[2017.07.03-10.22.14:009][ 28]LogModuleManager: Shutting down and abandoning module GameProjectGeneration (449)
[2017.07.03-10.22.14:020][ 28]LogModuleManager: Shutting down and abandoning module EditorLiveStreaming (446)
[2017.07.03-10.22.14:020][ 28]LogModuleManager: Shutting down and abandoning module IOSPlatformEditor (444)
[2017.07.03-10.22.14:035][ 28]LogModuleManager: Shutting down and abandoning module HTML5PlatformEditor (442)
[2017.07.03-10.22.14:035][ 28]LogModuleManager: Shutting down and abandoning module AndroidPlatformEditor (440)
[2017.07.03-10.22.14:035][ 28]LogModuleManager: Shutting down and abandoning module AndroidDeviceDetection (439)
[2017.07.03-10.22.14:861][ 28]LogModuleManager: Shutting down and abandoning module IOSRuntimeSettings (436)
[2017.07.03-10.22.14:861][ 28]LogModuleManager: Shutting down and abandoning module AndroidRuntimeSettings (434)
[2017.07.03-10.22.14:861][ 28]LogModuleManager: Shutting down and abandoning module InputBindingEditor (432)
[2017.07.03-10.22.14:861][ 28]LogModuleManager: Shutting down and abandoning module MergeActors (430)
[2017.07.03-10.22.14:876][ 28]LogModuleManager: Shutting down and abandoning module SizeMap (428)
[2017.07.03-10.22.14:876][ 28]LogModuleManager: Shutting down and abandoning module TreeMap (426)
[2017.07.03-10.22.14:886][ 28]LogModuleManager: Shutting down and abandoning module ReferenceViewer (424)
[2017.07.03-10.22.14:886][ 28]LogModuleManager: Shutting down and abandoning module LocalizationDashboard (422)
[2017.07.03-10.22.14:891][ 28]LogModuleManager: Shutting down and abandoning module LocalizationService (421)
[2017.07.03-10.22.14:891][ 28]LogModuleManager: Shutting down and abandoning module HardwareTargeting (418)
[2017.07.03-10.22.14:891][ 28]LogModuleManager: Shutting down and abandoning module DeviceProfileEditor (416)
[2017.07.03-10.22.14:899][ 28]LogModuleManager: Shutting down and abandoning module UndoHistory (414)
[2017.07.03-10.22.14:899][ 28]LogModuleManager: Shutting down and abandoning module UserFeedback (412)
[2017.07.03-10.22.14:899][ 28]LogModuleManager: Shutting down and abandoning module XmlParser (410)
[2017.07.03-10.22.14:899][ 28]LogModuleManager: Shutting down and abandoning module Blutility (408)
[2017.07.03-10.22.14:899][ 28]LogModuleManager: Shutting down and abandoning module ProjectSettingsViewer (406)
[2017.07.03-10.22.14:899][ 28]LogModuleManager: Shutting down and abandoning module ProjectTargetPlatformEditor (405)
[2017.07.03-10.22.14:899][ 28]LogModuleManager: Shutting down and abandoning module EditorSettingsViewer (402)
[2017.07.03-10.22.14:899][ 28]LogModuleManager: Shutting down and abandoning module SettingsEditor (400)
[2017.07.03-10.22.14:899][ 28]LogModuleManager: Shutting down and abandoning module ProjectLauncher (398)
[2017.07.03-10.22.14:910][ 28]LogModuleManager: Shutting down and abandoning module SessionFrontend (396)
[2017.07.03-10.22.14:919][ 28]LogModuleManager: Shutting down and abandoning module ProfilerClient (394)
[2017.07.03-10.22.14:931][ 28]LogModuleManager: Shutting down and abandoning module DeviceManager (392)
[2017.07.03-10.22.14:939][ 28]LogModuleManager: Shutting down and abandoning module TargetDeviceServices (391)
[2017.07.03-10.22.15:003][ 28]LogModuleManager: Shutting down and abandoning module AutomationController (388)
[2017.07.03-10.22.15:003][ 28]LogModuleManager: Shutting down and abandoning module AutomationWindow (386)
[2017.07.03-10.22.15:010][ 28]LogModuleManager: Shutting down and abandoning module Layers (384)
[2017.07.03-10.22.15:028][ 28]LogModuleManager: Shutting down and abandoning module ComponentVisualizers (382)
[2017.07.03-10.22.15:028][ 28]LogModuleManager: Shutting down and abandoning module DetailCustomizations (380)
[2017.07.03-10.22.15:032][ 28]LogModuleManager: Shutting down and abandoning module PackagesDialog (378)
[2017.07.03-10.22.15:032][ 28]LogModuleManager: Shutting down and abandoning module Persona (376)
[2017.07.03-10.22.15:041][ 28]LogModuleManager: Shutting down and abandoning module AdvancedPreviewScene (375)
[2017.07.03-10.22.15:041][ 28]LogModuleManager: Shutting down and abandoning module AnimGraph (373)
[2017.07.03-10.22.15:041][ 28]LogModuleManager: Shutting down and abandoning module Kismet (370)
[2017.07.03-10.22.15:042][ 28]LogModuleManager: Shutting down and abandoning module ClassViewer (368)
[2017.07.03-10.22.15:042][ 28]LogModuleManager: Shutting down and abandoning module Toolbox (366)
[2017.07.03-10.22.15:042][ 28]LogModuleManager: Shutting down and abandoning module ModuleUI (364)
[2017.07.03-10.22.15:053][ 28]LogModuleManager: Shutting down and abandoning module MovieSceneTools (362)
[2017.07.03-10.22.15:063][ 28]LogModuleManager: Shutting down and abandoning module OutputLog (360)
[2017.07.03-10.22.15:063][ 28]LogModuleManager: Shutting down and abandoning module GammaUI (358)
[2017.07.03-10.22.15:081][ 28]LogModuleManager: Shutting down and abandoning module Documentation (356)
[2017.07.03-10.22.15:081][ 28]LogModuleManager: Shutting down and abandoning module MovieSceneTracks (354)
[2017.07.03-10.22.15:082][ 28]LogModuleManager: Shutting down and abandoning module MovieScene (352)
[2017.07.03-10.22.15:082][ 28]LogModuleManager: Shutting down and abandoning module Niagara (350)
[2017.07.03-10.22.15:082][ 28]LogModuleManager: Shutting down and abandoning module NiagaraEditor (349)
[2017.07.03-10.22.15:097][ 28]LogModuleManager: Shutting down and abandoning module StreamingPauseRendering (346)
[2017.07.03-10.22.15:097][ 28]LogModuleManager: Shutting down and abandoning module AnalyticsET (344)
[2017.07.03-10.22.15:097][ 28]LogModuleManager: Shutting down and abandoning module PortalServices (342)
[2017.07.03-10.22.15:097][ 28]LogModuleManager: Shutting down and abandoning module PortalRpc (340)
[2017.07.03-10.22.15:097][ 28]LogModuleManager: Shutting down and abandoning module MessagingRpc (338)
[2017.07.03-10.22.15:097][ 28]LogModuleManager: Shutting down and abandoning module AIModule (336)
[2017.07.03-10.22.15:097][ 28]LogModuleManager: Shutting down and abandoning module GameplayDebugger (335)
[2017.07.03-10.22.15:097][ 28]LogModuleManager: Shutting down and abandoning module AITestSuite (333)
[2017.07.03-10.22.15:097][ 28]LogModuleManager: Shutting down and abandoning module ProfilerService (330)
[2017.07.03-10.22.15:233][ 28]LogModuleManager: Shutting down and abandoning module TaskGraph (328)
[2017.07.03-10.22.15:238][ 28]LogModuleManager: Shutting down and abandoning module SteamVRController (326)
[2017.07.03-10.22.15:238][ 28]LogModuleManager: Shutting down and abandoning module SteamVR (324)
[2017.07.03-10.22.15:238][ 28]LogModuleManager: Shutting down and abandoning module ProceduralMeshComponentEditor (322)
[2017.07.03-10.22.15:238][ 28]LogModuleManager: Shutting down and abandoning module ProceduralMeshComponent (320)
[2017.07.03-10.22.15:238][ 28]LogModuleManager: Shutting down and abandoning module OculusLibrary (318)
[2017.07.03-10.22.15:238][ 28]LogModuleManager: Shutting down and abandoning module OculusInput (316)
[2017.07.03-10.22.15:238][ 28]LogModuleManager: Shutting down and abandoning module MobilePatchingUtils (314)
[2017.07.03-10.22.15:238][ 28]LogModuleManager: Shutting down and abandoning module CustomMeshComponent (312)
[2017.07.03-10.22.15:238][ 28]LogModuleManager: Shutting down and abandoning module CableComponent (310)
[2017.07.03-10.22.15:238][ 28]LogModuleManager: Shutting down and abandoning module ArchVisCharacter (308)
[2017.07.03-10.22.15:238][ 28]LogModuleManager: Shutting down and abandoning module AndroidPermission (306)
[2017.07.03-10.22.15:238][ 28]LogModuleManager: Shutting down and abandoning module MediaPlayerEditor (302)
[2017.07.03-10.22.15:250][ 28]LogModuleManager: Shutting down and abandoning module HTML5Networking (300)
[2017.07.03-10.22.15:250][ 28]LogModuleManager: Shutting down and abandoning module AlembicImporter (298)
[2017.07.03-10.22.15:261][ 28]LogModuleManager: Shutting down and abandoning module AlembicLibrary (297)
[2017.07.03-10.22.15:261][ 28]LogModuleManager: Shutting down and abandoning module GeometryCache (296)
[2017.07.03-10.22.15:261][ 28]LogModuleManager: Shutting down and abandoning module GeometryCacheEd (295)
[2017.07.03-10.22.15:261][ 28]LogModuleManager: Shutting down and abandoning module SuperSearchEditor (290)
[2017.07.03-10.22.15:261][ 28]LogModuleManager: Shutting down and abandoning module SuperSearch (289)
[2017.07.03-10.22.15:261][ 28]LogModuleManager: Shutting down and abandoning module SpeedTreeImporter (286)
[2017.07.03-10.22.15:261][ 28]LogModuleManager: Shutting down and abandoning module PluginBrowser (284)
[2017.07.03-10.22.15:261][ 28]LogModuleManager: Shutting down and abandoning module MobileLauncherProfileWizard (282)
[2017.07.03-10.22.15:261][ 28]LogModuleManager: Shutting down and abandoning module VisualStudioSourceCodeAccess (280)
[2017.07.03-10.22.15:261][ 28]LogModuleManager: Shutting down and abandoning module DesktopPlatform (279)
[2017.07.03-10.22.15:261][ 28]LogModuleManager: Shutting down and abandoning module UObjectPlugin (276)
[2017.07.03-10.22.15:261][ 28]LogModuleManager: Shutting down and abandoning module SubversionSourceControl (274)
[2017.07.03-10.22.15:261][ 28]LogModuleManager: Shutting down and abandoning module PerforceSourceControl (272)
[2017.07.03-10.22.15:261][ 28]LogModuleManager: Shutting down and abandoning module GitSourceControl (270)
[2017.07.03-10.22.15:261][ 28]LogModuleManager: Shutting down and abandoning module SourceControl (269)
[2017.07.03-10.22.15:261][ 28]LogModuleManager: Shutting down and abandoning module LightPropagationVolumeEditor (266)
[2017.07.03-10.22.15:261][ 28]LogModuleManager: Shutting down and abandoning module PaperTiledImporter (264)
[2017.07.03-10.22.15:261][ 28]LogModuleManager: Shutting down and abandoning module PaperSpriteSheetImporter (262)
[2017.07.03-10.22.15:261][ 28]LogModuleManager: Shutting down and abandoning module Paper2DEditor (260)
[2017.07.03-10.22.15:261][ 28]LogModuleManager: Shutting down and abandoning module MeshPaint (259)
[2017.07.03-10.22.15:261][ 28]LogModuleManager: Shutting down and abandoning module LevelEditor (257)
[2017.07.03-10.22.15:262][ 28]LogModuleManager: Shutting down and abandoning module PixelInspectorModule (256)
[2017.07.03-10.22.15:262][ 28]LogModuleManager: Shutting down and abandoning module MainFrame (254)
[2017.07.03-10.22.15:262][ 28]LogModuleManager: Shutting down and abandoning module HotReload (253)
[2017.07.03-10.22.15:262][ 28]LogDirectoryWatcher: A directory notification for 'E:/UnrealCourse/Section_03/BuildingEscape/Binaries/Win64' was aborted.
[2017.07.03-10.22.15:262][ 28]LogModuleManager: Shutting down and abandoning module PhysXVehiclesEditor (246)
[2017.07.03-10.22.15:262][ 28]LogModuleManager: Shutting down and abandoning module PhysXVehicles (244)
[2017.07.03-10.22.15:262][ 28]LogModuleManager: Shutting down and abandoning module LocationServicesBPLibrary (242)
[2017.07.03-10.22.15:262][ 28]LogModuleManager: Shutting down and abandoning module ImmediatePhysicsEditor (240)
[2017.07.03-10.22.15:262][ 28]LogModuleManager: Shutting down and abandoning module ImmediatePhysics (238)
[2017.07.03-10.22.15:262][ 28]LogModuleManager: Shutting down and abandoning module UdpMessaging (236)
[2017.07.03-10.22.15:363][ 28]LogModuleManager: Shutting down and abandoning module TcpMessaging (234)
[2017.07.03-10.22.15:463][ 28]LogModuleManager: Shutting down and abandoning module GameplayTagsEditor (232)
[2017.07.03-10.22.15:523][ 28]LogModuleManager: Shutting down and abandoning module FacialAnimationEditor (230)
[2017.07.03-10.22.15:523][ 28]LogModuleManager: Shutting down and abandoning module FacialAnimation (228)
[2017.07.03-10.22.15:523][ 28]LogModuleManager: Shutting down and abandoning module AssetManagerEditor (226)
[2017.07.03-10.22.15:528][ 28]LogModuleManager: Shutting down and abandoning module GraphEditor (225)
[2017.07.03-10.22.15:569][ 28]LogModuleManager: Shutting down and abandoning module ContentBrowser (223)
[2017.07.03-10.22.15:570][ 28]LogModuleManager: Shutting down and abandoning module LightPropagationVolumeRuntime (220)
[2017.07.03-10.22.15:570][ 28]LogModuleManager: Shutting down and abandoning module Paper2D (218)
[2017.07.03-10.22.15:581][ 28]LogModuleManager: Shutting down and abandoning module WindowsMoviePlayer (216)
[2017.07.03-10.22.15:581][ 28]LogModuleManager: Shutting down and abandoning module WmfMedia (214)
[2017.07.03-10.22.15:581][ 28]LogModuleManager: Shutting down and abandoning module ClothingSystemEditor (212)
[2017.07.03-10.22.15:581][ 28]LogModuleManager: Shutting down and abandoning module ClothingSystemRuntime (210)
[2017.07.03-10.22.15:595][ 28]LogModuleManager: Shutting down and abandoning module MediaAssets (208)
[2017.07.03-10.22.15:595][ 28]LogModuleManager: Shutting down and abandoning module GameLiveStreaming (206)
[2017.07.03-10.22.15:595][ 28]LogModuleManager: Shutting down and abandoning module VREditor (204)
[2017.07.03-10.22.15:595][ 28]LogModuleManager: Shutting down and abandoning module StringTableEditor (202)
[2017.07.03-10.22.15:621][ 28]LogModuleManager: Shutting down and abandoning module GameplayTasksEditor (200)
[2017.07.03-10.22.15:621][ 28]LogModuleManager: Shutting down and abandoning module BehaviorTreeEditor (198)
[2017.07.03-10.22.15:627][ 28]LogModuleManager: Shutting down and abandoning module FunctionalTesting (196)
[2017.07.03-10.22.15:628][ 28]LogModuleManager: Shutting down and abandoning module CollisionAnalyzer (194)
[2017.07.03-10.22.15:638][ 28]LogModuleManager: Shutting down and abandoning module UMG (192)
[2017.07.03-10.22.15:651][ 28]LogModuleManager: Shutting down and abandoning module UMGEditor (191)
[2017.07.03-10.22.15:670][ 28]LogModuleManager: Shutting down and abandoning module Sequencer (190)
[2017.07.03-10.22.15:671][ 28]LogModuleManager: Shutting down and abandoning module AssetTools (188)
[2017.07.03-10.22.15:688][ 28]LogModuleManager: Shutting down and abandoning module MessageLog (187)
[2017.07.03-10.22.15:688][ 28]LogModuleManager: Shutting down and abandoning module WorkspaceMenuStructure (186)
[2017.07.03-10.22.15:688][ 28]LogModuleManager: Shutting down and abandoning module SlateReflector (180)
[2017.07.03-10.22.15:696][ 28]LogModuleManager: Shutting down and abandoning module Slate (178)
[2017.07.03-10.22.15:697][ 28]LogModuleManager: Shutting down and abandoning module EditorStyle (176)
[2017.07.03-10.22.15:698][ 28]LogModuleManager: Shutting down and abandoning module SourceCodeAccess (174)
[2017.07.03-10.22.15:698][ 28]LogModuleManager: Shutting down and abandoning module HeadMountedDisplay (172)
[2017.07.03-10.22.15:698][ 28]LogModuleManager: Shutting down and abandoning module XAudio2 (170)
[2017.07.03-10.22.15:698][ 28]LogModuleManager: Shutting down and abandoning module Networking (168)
[2017.07.03-10.22.15:698][ 28]LogModuleManager: Shutting down and abandoning module Core (164)
[2017.07.03-10.22.15:698][ 28]LogModuleManager: Shutting down and abandoning module AssetRegistry (162)
[2017.07.03-10.22.15:820][ 28]LogDirectoryWatcher: A directory notification for '../../../Engine/Content/' was aborted.
[2017.07.03-10.22.15:820][ 28]LogDirectoryWatcher: A directory notification for '../../../../../UnrealCourse/Section_03/BuildingEscape/Content/' was aborted.
[2017.07.03-10.22.15:820][ 28]LogDirectoryWatcher: A directory notification for '../../../Engine/Plugins/2D/Paper2D/Content/' was aborted.
[2017.07.03-10.22.15:820][ 28]LogDirectoryWatcher: A directory notification for '../../../Engine/Plugins/Runtime/GearVR/Content/' was aborted.
[2017.07.03-10.22.15:822][ 28]LogModuleManager: Shutting down and abandoning module DirectoryWatcher (161)
[2017.07.03-10.22.15:823][ 28]LogModuleManager: Shutting down and abandoning module KismetCompiler (158)
[2017.07.03-10.22.15:823][ 28]LogModuleManager: Shutting down and abandoning module LevelSequence (156)
[2017.07.03-10.22.15:823][ 28]LogModuleManager: Shutting down and abandoning module PhysXFormats (154)
[2017.07.03-10.22.15:823][ 28]LogModuleManager: Shutting down and abandoning module MeshUtilities (152)
[2017.07.03-10.22.15:823][ 28]LogModuleManager: Shutting down and abandoning module SimplygonSwarm (151)
[2017.07.03-10.22.15:823][ 28]LogModuleManager: Shutting down and abandoning module SimplygonMeshReduction (149)
[2017.07.03-10.22.15:823][ 28]LogModuleManager: Shutting down and abandoning module QuadricMeshReduction (147)
[2017.07.03-10.22.15:823][ 28]LogModuleManager: Shutting down and abandoning module DerivedDataCache (144)
[2017.07.03-10.22.15:912][ 28]LogDerivedDataCache: Shutdown
[2017.07.03-10.22.15:912][ 28]LogModuleManager: Shutting down and abandoning module TargetPlatform (142)
[2017.07.03-10.22.15:912][ 28]LogModuleManager: Shutting down and abandoning module VulkanShaderFormat (141)
[2017.07.03-10.22.15:912][ 28]LogModuleManager: Shutting down and abandoning module ShaderFormatVectorVM (139)
[2017.07.03-10.22.15:957][ 28]LogModuleManager: Shutting down and abandoning module ShaderFormatOpenGL (137)
[2017.07.03-10.22.16:352][ 28]LogModuleManager: Shutting down and abandoning module ShaderFormatD3D (135)
[2017.07.03-10.22.16:352][ 28]LogModuleManager: Shutting down and abandoning module MetalShaderFormat (133)
[2017.07.03-10.22.16:387][ 28]LogModuleManager: Shutting down and abandoning module TextureFormatUncompressed (131)
[2017.07.03-10.22.16:387][ 28]LogModuleManager: Shutting down and abandoning module TextureFormatPVR (129)
[2017.07.03-10.22.16:387][ 28]LogModuleManager: Shutting down and abandoning module TextureFormatDXT (127)
[2017.07.03-10.22.16:387][ 28]LogModuleManager: Shutting down and abandoning module TextureFormatIntelISPCTexComp (125)
[2017.07.03-10.22.16:387][ 28]LogModuleManager: Shutting down and abandoning module TextureFormatASTC (123)
[2017.07.03-10.22.16:387][ 28]LogModuleManager: Shutting down and abandoning module ImageWrapper (122)
[2017.07.03-10.22.16:387][ 28]LogModuleManager: Shutting down and abandoning module TextureFormatAndroid (119)
[2017.07.03-10.22.16:387][ 28]LogModuleManager: Shutting down and abandoning module AudioFormatOpus (117)
[2017.07.03-10.22.16:387][ 28]LogModuleManager: Shutting down and abandoning module AudioFormatOgg (115)
[2017.07.03-10.22.16:387][ 28]LogModuleManager: Shutting down and abandoning module AudioFormatADPCM (113)
[2017.07.03-10.22.16:387][ 28]LogModuleManager: Shutting down and abandoning module LinuxTargetPlatform (111)
[2017.07.03-10.22.16:387][ 28]LogModuleManager: Shutting down and abandoning module LinuxServerTargetPlatform (109)
[2017.07.03-10.22.16:387][ 28]LogModuleManager: Shutting down and abandoning module LinuxNoEditorTargetPlatform (107)
[2017.07.03-10.22.16:387][ 28]LogModuleManager: Shutting down and abandoning module LinuxClientTargetPlatform (105)
[2017.07.03-10.22.16:387][ 28]LogModuleManager: Shutting down and abandoning module TVOSTargetPlatform (103)
[2017.07.03-10.22.16:387][ 28]LogModuleManager: Shutting down and abandoning module Messaging (101)
[2017.07.03-10.22.16:387][ 28]LogModuleManager: Shutting down and abandoning module IOSTargetPlatform (99)
[2017.07.03-10.22.16:387][ 28]LogModuleManager: Shutting down and abandoning module HTML5TargetPlatform (97)
[2017.07.03-10.22.16:387][ 28]LogModuleManager: Shutting down and abandoning module Android_PVRTCTargetPlatform (95)
[2017.07.03-10.22.16:387][ 28]LogModuleManager: Shutting down and abandoning module Android_MultiTargetPlatform (93)
[2017.07.03-10.22.16:387][ 28]LogModuleManager: Shutting down and abandoning module Android_ETC2TargetPlatform (91)
[2017.07.03-10.22.16:387][ 28]LogModuleManager: Shutting down and abandoning module Android_ETC1TargetPlatform (89)
[2017.07.03-10.22.16:387][ 28]LogModuleManager: Shutting down and abandoning module Android_DXTTargetPlatform (87)
[2017.07.03-10.22.16:387][ 28]LogModuleManager: Shutting down and abandoning module Android_ATCTargetPlatform (85)
[2017.07.03-10.22.16:387][ 28]LogModuleManager: Shutting down and abandoning module Android_ASTCTargetPlatform (83)
[2017.07.03-10.22.16:387][ 28]LogModuleManager: Shutting down and abandoning module AndroidTargetPlatform (81)
[2017.07.03-10.22.16:387][ 28]LogModuleManager: Shutting down and abandoning module WindowsTargetPlatform (79)
[2017.07.03-10.22.16:387][ 28]LogModuleManager: Shutting down and abandoning module WindowsServerTargetPlatform (77)
[2017.07.03-10.22.16:387][ 28]LogModuleManager: Shutting down and abandoning module WindowsNoEditorTargetPlatform (75)
[2017.07.03-10.22.16:387][ 28]LogModuleManager: Shutting down and abandoning module WindowsClientTargetPlatform (73)
[2017.07.03-10.22.16:387][ 28]LogModuleManager: Shutting down and abandoning module MacTargetPlatform (71)
[2017.07.03-10.22.16:387][ 28]LogModuleManager: Shutting down and abandoning module MacServerTargetPlatform (69)
[2017.07.03-10.22.16:387][ 28]LogModuleManager: Shutting down and abandoning module MacNoEditorTargetPlatform (67)
[2017.07.03-10.22.16:387][ 28]LogModuleManager: Shutting down and abandoning module MacClientTargetPlatform (65)
[2017.07.03-10.22.16:387][ 28]LogModuleManager: Shutting down and abandoning module AllDesktopTargetPlatform (63)
[2017.07.03-10.22.16:387][ 28]LogModuleManager: Shutting down and abandoning module InputCore (60)
[2017.07.03-10.22.16:387][ 28]LogModuleManager: Shutting down and abandoning module Settings (58)
[2017.07.03-10.22.16:387][ 28]LogModuleManager: Shutting down and abandoning module OculusRift (56)
[2017.07.03-10.22.16:387][ 28]LogModuleManager: Shutting down and abandoning module GearVRController (54)
[2017.07.03-10.22.16:387][ 28]LogModuleManager: Shutting down and abandoning module GearVR (52)
[2017.07.03-10.22.16:398][ 28]LogModuleManager: Shutting down and abandoning module ExampleDeviceProfileSelector (50)
[2017.07.03-10.22.16:398][ 28]LogModuleManager: Shutting down and abandoning module OnlineBlueprintSupport (48)
[2017.07.03-10.22.16:398][ 28]LogModuleManager: Shutting down and abandoning module OnlineSubsystem (44)
[2017.07.03-10.22.16:398][ 28]LogOnline:Display: Unloading online subsystem: NULL
[2017.07.03-10.22.16:405][ 28]LogModuleManager: Shutting down and abandoning module XMPP (43)
[2017.07.03-10.22.16:416][ 28]LogModuleManager: Shutting down and abandoning module HTTP (41)
[2017.07.03-10.22.16:416][ 28]LogHttp:Display: Http module shutting down, but needs to wait on 1 outstanding Http requests:
[2017.07.03-10.22.16:416][ 28]LogHttp:Display: 	verb=[POST] url=[https://datarouter.ol.epicgames.com/datarouter/api/v1/public/data?SessionID=%7B7FF61CE6-4A59-0A27-D5D4-EA951430C314%7D&AppID=UEEditor.Rocket.Release&AppVersion=4.16.2-3514769%2B%2B%2BUE4%2BRelease-4.16&UserID=792a68a44fbb11f39c5b928b0a92b453%7C1c2770170c974dea87ad2b41ec4a65ab%7C76525198-daab-451b-b1f3-7338e1d38b7d&AppEnvironment=datacollector-binary&UploadType=eteventstream] status=Processing
[2017.07.03-10.22.16:432][ 28]LogModuleManager: Shutting down and abandoning module SSL (40)
[2017.07.03-10.22.16:434][ 28]LogModuleManager: Shutting down and abandoning module HTTPChunkInstaller (36)
[2017.07.03-10.22.16:488][ 28]LogModuleManager: Shutting down and abandoning module AnimationModifiers (34)
[2017.07.03-10.22.16:493][ 28]LogModuleManager: Shutting down and abandoning module PropertyEditor (33)
[2017.07.03-10.22.16:493][ 28]LogModuleManager: Shutting down and abandoning module AudioEditor (30)
[2017.07.03-10.22.16:503][ 28]LogModuleManager: Shutting down and abandoning module TextureCompressor (28)
[2017.07.03-10.22.16:503][ 28]LogModuleManager: Shutting down and abandoning module ShaderCore (26)
[2017.07.03-10.22.16:503][ 28]LogModuleManager: Shutting down and abandoning module Landscape (24)
[2017.07.03-10.22.16:503][ 28]LogModuleManager: Shutting down and abandoning module SlateRHIRenderer (22)
[2017.07.03-10.22.16:507][ 28]LogModuleManager: Shutting down and abandoning module OpenGLDrv (20)
[2017.07.03-10.22.16:518][ 28]LogModuleManager: Shutting down and abandoning module D3D11RHI (18)
[2017.07.03-10.22.16:518][ 28]LogModuleManager: Shutting down and abandoning module AnimGraphRuntime (16)
[2017.07.03-10.22.16:518][ 28]LogModuleManager: Shutting down and abandoning module Renderer (14)
[2017.07.03-10.22.16:518][ 28]LogModuleManager: Shutting down and abandoning module Engine (12)
[2017.07.03-10.22.16:518][ 28]LogModuleManager: Shutting down and abandoning module CoreUObject (10)
[2017.07.03-10.22.16:518][ 28]LogModuleManager: Shutting down and abandoning module NetworkFile (8)
[2017.07.03-10.22.16:518][ 28]LogModuleManager: Shutting down and abandoning module StreamingFile (6)
[2017.07.03-10.22.16:518][ 28]LogModuleManager: Shutting down and abandoning module SandboxFile (4)
[2017.07.03-10.22.16:518][ 28]LogModuleManager: Shutting down and abandoning module PakFile (2)
[2017.07.03-10.22.16:519][ 28]LogExit: Exiting.
[2017.07.03-10.22.16:528][ 28]Log file closed, 07/03/17 11:22:16
